#2026 02 23 10:24:01.125#Z#INFO#c54eca4f-10a1-11f1-8441-eeee0a981670.OPERATION#http-nio-0.0.0.0-8080-exec-3#
[XS2StartProcessListener] Operation ID: c54eca4f-10a1-11f1-8441-eeee0a981670#
#2026 02 23 10:24:01.143#Z#DEBUG#c54eca4f-10a1-11f1-8441-eeee0a981670.OPERATION#http-nio-0.0.0.0-8080-exec-3#
[XS2StartProcessListener] Process environment: {
  "SKIP_SSL_VALIDATION" : "false",
  "FLOWABLE_JOB_EXECUTOR_MAX_THREADS" : "32",
  "VERSION" : "2.40.0",
  "BASIC_AUTH_ENABLED" : "true",
  "FLOWABLE_JOB_EXECUTOR_QUEUE_CAPACITY" : "16",
  "FLOWABLE_JOB_EXECUTOR_CORE_THREADS" : "8"
}#
#2026 02 23 10:24:01.143#Z#DEBUG#c54eca4f-10a1-11f1-8441-eeee0a981670.OPERATION#http-nio-0.0.0.0-8080-exec-3#
[XS2StartProcessListener] Current user: deekshitha.m@peolsolutions.com#
#2026 02 23 10:24:01.143#Z#DEBUG#c54eca4f-10a1-11f1-8441-eeee0a981670.OPERATION#http-nio-0.0.0.0-8080-exec-3#
[XS2StartProcessListener] Client space: dev#
#2026 02 23 10:24:01.143#Z#DEBUG#c54eca4f-10a1-11f1-8441-eeee0a981670.OPERATION#http-nio-0.0.0.0-8080-exec-3#
[XS2StartProcessListener] Client organization: 9aa5e1bctrial#
#2026 02 23 10:24:01.143#Z#INFO#c54eca4f-10a1-11f1-8441-eeee0a981670.OPERATION#http-nio-0.0.0.0-8080-exec-3#
[XS2StartProcessListener] Process variables: {
  "abortOnError" : false,
  "mtaId" : "cash",
  "keepFiles" : false,
  "noFailOnMissingPermissions" : false,
  "skipAppDigestCalculation" : false,
  "deleteServiceBrokers" : false,
  "appArchiveId" : "723bb35c-8eeb-4ef8-bb82-976546d4b3bd",
  "deleteServiceKeys" : false,
  "noRestartSubscribedApps" : false,
  "noStart" : false,
  "deleteServices" : false
}#
#2026 02 23 10:24:01.179#Z#DEBUG#c54eca4f-10a1-11f1-8441-eeee0a981670.OPERATION#flowable-async-job-executor-thread-14977#
[ValidateDeployParametersStep] Executing task "validateParametersTask" of process "c54eca71-10a1-11f1-8441-eeee0a981670"...#
#2026 02 23 10:24:01.179#Z#DEBUG#c54eca4f-10a1-11f1-8441-eeee0a981670.OPERATION#flowable-async-job-executor-thread-14977#
[ValidateDeployParametersStep] Validating parameters...#
#2026 02 23 10:24:01.181#Z#INFO#c54eca4f-10a1-11f1-8441-eeee0a981670.OPERATION#flowable-async-job-executor-thread-14977#
[ValidateDeployParametersStep] Size of mtars is 35,582 and size of extension descriptors is 0#
#2026 02 23 10:24:01.210#Z#INFO#c54eca4f-10a1-11f1-8441-eeee0a981670.OPERATION#flowable-async-job-executor-thread-14977#
[ValidateDeployParametersStep] Archive was not split! Total size in bytes: 35,582#
#2026 02 23 10:24:01.210#Z#INFO#c54eca4f-10a1-11f1-8441-eeee0a981670.OPERATION#flowable-async-job-executor-thread-14977#
[ValidateDeployParametersStep] Deploying in org "9aa5e1bctrial" and space "dev"#
#2026 02 23 10:24:01.214#Z#DEBUG#c54eca4f-10a1-11f1-8441-eeee0a981670.OPERATION#flowable-async-job-executor-thread-14977#
[ValidateDeployParametersStep] Parameters validated#
#2026 02 23 10:24:01.214#Z#DEBUG#c54eca4f-10a1-11f1-8441-eeee0a981670.OPERATION#flowable-async-job-executor-thread-14977#
Step "Validate Parameters" finished#
#2026 02 23 10:24:01.241#Z#DEBUG#c54eca4f-10a1-11f1-8441-eeee0a981670.OPERATION#flowable-async-job-executor-thread-14979#
[DeleteRemainingFileParts] Executing task "deleteRemainingFileParts" of process "c54eca71-10a1-11f1-8441-eeee0a981670"...#
#2026 02 23 10:24:01.242#Z#DEBUG#c54eca4f-10a1-11f1-8441-eeee0a981670.OPERATION#flowable-async-job-executor-thread-14979#
Step "Delete Remaining File Parts" finished#
#2026 02 23 10:24:01.268#Z#DEBUG#c54eca4f-10a1-11f1-8441-eeee0a981670.OPERATION#flowable-async-job-executor-thread-14978#
[XS2ProcessMtaArchiveStep] Executing task "processArchiveTask" of process "c54eca71-10a1-11f1-8441-eeee0a981670"...#
#2026 02 23 10:24:01.269#Z#DEBUG#c54eca4f-10a1-11f1-8441-eeee0a981670.OPERATION#flowable-async-job-executor-thread-14978#
[XS2ProcessMtaArchiveStep] Processing MTA archive...#
#2026 02 23 10:24:01.269#Z#DEBUG#c54eca4f-10a1-11f1-8441-eeee0a981670.OPERATION#flowable-async-job-executor-thread-14978#
[XS2ProcessMtaArchiveStep] MTA Archive ID: 723bb35c-8eeb-4ef8-bb82-976546d4b3bd#
#2026 02 23 10:24:01.351#Z#DEBUG#c54eca4f-10a1-11f1-8441-eeee0a981670.OPERATION#flowable-async-job-executor-thread-14978#
[XS2ProcessMtaArchiveStep] MTA Descriptor length: 2,002#
#2026 02 23 10:24:01.351#Z#DEBUG#c54eca4f-10a1-11f1-8441-eeee0a981670.OPERATION#flowable-async-job-executor-thread-14978#
[XS2ProcessMtaArchiveStep] MTA Archive Modules: [cash-app-content]#
#2026 02 23 10:24:01.351#Z#DEBUG#c54eca4f-10a1-11f1-8441-eeee0a981670.OPERATION#flowable-async-job-executor-thread-14978#
[XS2ProcessMtaArchiveStep] MTA Archive Requires: []#
#2026 02 23 10:24:01.351#Z#DEBUG#c54eca4f-10a1-11f1-8441-eeee0a981670.OPERATION#flowable-async-job-executor-thread-14978#
[XS2ProcessMtaArchiveStep] MTA Archive Resources: [uaa_cash]#
#2026 02 23 10:24:01.361#Z#DEBUG#c54eca4f-10a1-11f1-8441-eeee0a981670.OPERATION#flowable-async-job-executor-thread-14978#
[XS2ProcessMtaArchiveStep] MTA archive processed#
#2026 02 23 10:24:01.361#Z#DEBUG#c54eca4f-10a1-11f1-8441-eeee0a981670.OPERATION#flowable-async-job-executor-thread-14978#
Step "Process Archive" finished#
#2026 02 23 10:24:01.394#Z#DEBUG#c54eca4f-10a1-11f1-8441-eeee0a981670.OPERATION#flowable-async-job-executor-thread-14978#
[ProcessMtaExtensionDescriptorsStep] Executing task "processExtensionDescriptorsTask" of process "c54eca71-10a1-11f1-8441-eeee0a981670"...#
#2026 02 23 10:24:01.395#Z#DEBUG#c54eca4f-10a1-11f1-8441-eeee0a981670.OPERATION#flowable-async-job-executor-thread-14978#
[ProcessMtaExtensionDescriptorsStep] Processing MTA extension descriptors...#
#2026 02 23 10:24:01.395#Z#DEBUG#c54eca4f-10a1-11f1-8441-eeee0a981670.OPERATION#flowable-async-job-executor-thread-14978#
[ProcessMtaExtensionDescriptorsStep] Provided extension descriptors: [ ]#
#2026 02 23 10:24:01.395#Z#DEBUG#c54eca4f-10a1-11f1-8441-eeee0a981670.OPERATION#flowable-async-job-executor-thread-14978#
[ProcessMtaExtensionDescriptorsStep] No extension descriptors in use#
#2026 02 23 10:24:01.395#Z#DEBUG#c54eca4f-10a1-11f1-8441-eeee0a981670.OPERATION#flowable-async-job-executor-thread-14978#
[ProcessMtaExtensionDescriptorsStep] MTA extension descriptors processed#
#2026 02 23 10:24:01.395#Z#DEBUG#c54eca4f-10a1-11f1-8441-eeee0a981670.OPERATION#flowable-async-job-executor-thread-14978#
Step "Process Extension Descriptors" finished#
#2026 02 23 10:24:01.426#Z#DEBUG#c54eca4f-10a1-11f1-8441-eeee0a981670.OPERATION#flowable-async-job-executor-thread-14980#
[DetectMtaSchemaVersionStep] Executing task "detectSchemaVersionTask" of process "c54eca71-10a1-11f1-8441-eeee0a981670"...#
#2026 02 23 10:24:01.426#Z#DEBUG#c54eca4f-10a1-11f1-8441-eeee0a981670.OPERATION#flowable-async-job-executor-thread-14980#
[DetectMtaSchemaVersionStep] Detecting MTA major schema version...#
#2026 02 23 10:24:01.427#Z#INFO#c54eca4f-10a1-11f1-8441-eeee0a981670.OPERATION#flowable-async-job-executor-thread-14980#
[DetectMtaSchemaVersionStep] Detected MTA schema version: "3"#
#2026 02 23 10:24:01.432#Z#DEBUG#c54eca4f-10a1-11f1-8441-eeee0a981670.OPERATION#flowable-async-job-executor-thread-14980#
Step "Detect Schema Version" finished#
#2026 02 23 10:24:01.457#Z#DEBUG#c54eca4f-10a1-11f1-8441-eeee0a981670.OPERATION#flowable-async-job-executor-thread-14980#
[MergeDescriptorsStep] Executing task "mergeDescriptorsTask" of process "c54eca71-10a1-11f1-8441-eeee0a981670"...#
#2026 02 23 10:24:01.457#Z#DEBUG#c54eca4f-10a1-11f1-8441-eeee0a981670.OPERATION#flowable-async-job-executor-thread-14980#
[MergeDescriptorsStep] Validating and merging descriptors...#
#2026 02 23 10:24:01.459#Z#DEBUG#c54eca4f-10a1-11f1-8441-eeee0a981670.OPERATION#flowable-async-job-executor-thread-14980#
[MergeDescriptorsStep] Merged deployment descriptor: {
  "majorSchemaVersion" : 3,
  "schemaVersion" : "3.2.0",
  "id" : "cash",
  "version" : "0.0.1",
  "modules" : [ {
    "majorSchemaVersion" : 3,
    "name" : "cash-destination-content",
    "type" : "com.sap.application.content",
    "properties" : { },
    "parameters" : {
      "content" : {
        "subaccount" : {
          "destinations" : [ {
            "Name" : "cash_cash_html_repo_host",
            "ServiceInstanceName" : "cash-html5-app-host-service",
            "ServiceKeyName" : "********",
            "sap.cloud.service" : "cash"
          }, {
            "Authentication" : "********",
            "Name" : "cash_uaa_cash",
            "ServiceInstanceName" : "cash-xsuaa-service",
            "ServiceKeyName" : "********",
            "sap.cloud.service" : "cash"
          } ],
          "existing_destinations_policy" : "ignore"
        }
      }
    },
    "requiredDependencies" : [ {
      "majorSchemaVersion" : 3,
      "name" : "cash-destination-service",
      "properties" : { },
      "parameters" : {
        "content-target" : true
      },
      "propertiesMetadata" : {
        "metadata" : { }
      },
      "parametersMetadata" : {
        "metadata" : { }
      }
    }, {
      "majorSchemaVersion" : 3,
      "name" : "cash_html_repo_host",
      "properties" : { },
      "parameters" : {
        "service-key" : "********"
      },
      "propertiesMetadata" : {
        "metadata" : { }
      },
      "parametersMetadata" : {
        "metadata" : { }
      }
    }, {
      "majorSchemaVersion" : 3,
      "name" : "uaa_cash",
      "properties" : { },
      "parameters" : {
        "service-key" : "********"
      },
      "propertiesMetadata" : {
        "metadata" : { }
      },
      "parametersMetadata" : {
        "metadata" : { }
      }
    } ],
    "providedDependencies" : [ {
      "majorSchemaVersion" : 3,
      "name" : "cash-destination-content",
      "isPublic" : false,
      "properties" : { },
      "parameters" : { },
      "propertiesMetadata" : {
        "metadata" : { }
      },
      "parametersMetadata" : {
        "metadata" : { }
      }
    } ],
    "propertiesMetadata" : {
      "metadata" : { }
    },
    "parametersMetadata" : {
      "metadata" : { }
    },
    "hooks" : [ ]
  }, {
    "majorSchemaVersion" : 3,
    "name" : "cash-app-content",
    "type" : "com.sap.application.content",
    "path" : "cash-app-content",
    "properties" : { },
    "parameters" : { },
    "requiredDependencies" : [ {
      "majorSchemaVersion" : 3,
      "name" : "cash_html_repo_host",
      "properties" : { },
      "parameters" : {
        "content-target" : true
      },
      "propertiesMetadata" : {
        "metadata" : { }
      },
      "parametersMetadata" : {
        "metadata" : { }
      }
    } ],
    "providedDependencies" : [ {
      "majorSchemaVersion" : 3,
      "name" : "cash-app-content",
      "isPublic" : false,
      "properties" : { },
      "parameters" : { },
      "propertiesMetadata" : {
        "metadata" : { }
      },
      "parametersMetadata" : {
        "metadata" : { }
      }
    } ],
    "propertiesMetadata" : {
      "metadata" : { }
    },
    "parametersMetadata" : {
      "metadata" : { }
    },
    "hooks" : [ ]
  } ],
  "resources" : [ {
    "majorSchemaVersion" : 3,
    "name" : "cash-destination-service",
    "type" : "org.cloudfoundry.managed-service",
    "properties" : { },
    "parameters" : {
      "service-name" : "cash-destination-service",
      "service-plan" : "lite",
      "type" : "managed-service",
      "config" : {
        "HTML5Runtime_enabled" : true,
        "init_data" : {
          "subaccount" : {
            "destinations" : [ {
              "Authentication" : "********",
              "Name" : "ui5",
              "ProxyType" : "Internet",
              "Type" : "HTTP",
              "URL" : "https://ui5.sap.com"
            } ],
            "existing_destinations_policy" : "update"
          }
        },
        "version" : "1.0.0"
      },
      "service" : "destination"
    },
    "isActive" : true,
    "isOptional" : false,
    "propertiesMetadata" : {
      "metadata" : { }
    },
    "parametersMetadata" : {
      "metadata" : { }
    },
    "requiredDependencies" : [ ],
    "processedAfter" : [ ]
  }, {
    "majorSchemaVersion" : 3,
    "name" : "cash_html_repo_host",
    "type" : "org.cloudfoundry.managed-service",
    "properties" : { },
    "parameters" : {
      "service-name" : "cash-html5-app-host-service",
      "service-plan" : "app-host",
      "type" : "managed-service",
      "service" : "html5-apps-repo"
    },
    "isActive" : true,
    "isOptional" : false,
    "propertiesMetadata" : {
      "metadata" : { }
    },
    "parametersMetadata" : {
      "metadata" : { }
    },
    "requiredDependencies" : [ ],
    "processedAfter" : [ ]
  }, {
    "majorSchemaVersion" : 3,
    "name" : "uaa_cash",
    "type" : "org.cloudfoundry.managed-service",
    "properties" : { },
    "parameters" : {
      "path" : "./xs-security.json",
      "service-name" : "cash-xsuaa-service",
      "service-plan" : "application",
      "type" : "managed-service",
      "service" : "xsuaa"
    },
    "isActive" : true,
    "isOptional" : false,
    "propertiesMetadata" : {
      "metadata" : { }
    },
    "parametersMetadata" : {
      "metadata" : { }
    },
    "requiredDependencies" : [ ],
    "processedAfter" : [ ]
  } ],
  "parameters" : {
    "deploy_mode" : "html5-repo"
  },
  "parametersMetadata" : {
    "metadata" : { }
  }
}#
#2026 02 23 10:24:01.460#Z#DEBUG#c54eca4f-10a1-11f1-8441-eeee0a981670.OPERATION#flowable-async-job-executor-thread-14980#
[MergeDescriptorsStep] Descriptors validated and merged#
#2026 02 23 10:24:01.460#Z#DEBUG#c54eca4f-10a1-11f1-8441-eeee0a981670.OPERATION#flowable-async-job-executor-thread-14980#
Step "Merge Descriptors" finished#
#2026 02 23 10:24:01.485#Z#DEBUG#c54eca4f-10a1-11f1-8441-eeee0a981670.OPERATION#flowable-async-job-executor-thread-14981#
[DetectDeployedMtaStep] Executing task "detectDeployedMtaTask" of process "c54eca71-10a1-11f1-8441-eeee0a981670"...#
#2026 02 23 10:24:01.486#Z#DEBUG#c54eca4f-10a1-11f1-8441-eeee0a981670.OPERATION#flowable-async-job-executor-thread-14981#
[DetectDeployedMtaStep] Detecting deployed MTA...#
#2026 02 23 10:24:01.486#Z#DEBUG#c54eca4f-10a1-11f1-8441-eeee0a981670.OPERATION#flowable-async-job-executor-thread-14981#
[DetectDeployedMtaStep] Detecting MTA by id cash and namespace null#
#2026 02 23 10:24:01.486#Z#DEBUG#c54eca4f-10a1-11f1-8441-eeee0a981670.OPERATION#flowable-async-job-executor-thread-14981#
[DetectDeployedMtaStep] Getting applications by metadata label selector "mta_id=93585797569d208d914078d513c8c55a,!mta_namespace"...#
#2026 02 23 10:24:01.540#Z#DEBUG#c54eca4f-10a1-11f1-8441-eeee0a981670.OPERATION#flowable-async-job-executor-thread-14981#
[DetectDeployedMtaStep] Getting service instances by metadata label selector "mta_id=93585797569d208d914078d513c8c55a,!mta_namespace"...#
#2026 02 23 10:24:01.665#Z#DEBUG#c54eca4f-10a1-11f1-8441-eeee0a981670.OPERATION#flowable-async-job-executor-thread-14981#
[DetectDeployedMtaStep] Deployed MTA: {
  "metadata" : {
    "id" : "cash",
    "version" : "0.0.1"
  },
  "applications" : [ ],
  "services" : [ {
    "name" : "cash-html5-app-host-service",
    "metadata" : {
      "guid" : "a90833dd-8daf-4847-9b4a-512ee34b800f",
      "createdAt" : [ 2026, 2, 4, 8, 41, 35 ],
      "updatedAt" : [ 2026, 2, 4, 8, 41, 36 ]
    },
    "v3Metadata" : {
      "annotations" : {
        "mta_id" : "cash",
        "mta_version" : "0.0.1",
        "mta_resource" : "{\"name\":\"cash_html_repo_host\"}"
      },
      "labels" : {
        "mta_id" : "93585797569d208d914078d513c8c55a"
      }
    },
    "label" : "html5-apps-repo",
    "plan" : "app-host",
    "credentials" : "********",
    "tags" : [ ],
    "type" : "managed",
    "lastOperation" : {
      "type" : "CREATE",
      "description" : "",
      "state" : "SUCCEEDED"
    },
    "resourceName" : "cash_html_repo_host"
  }, {
    "name" : "cash-xsuaa-service",
    "metadata" : {
      "guid" : "1187d5ac-1a9f-4f85-8b9c-46e15a7b2773",
      "createdAt" : [ 2026, 2, 4, 8, 41, 36 ],
      "updatedAt" : [ 2026, 2, 4, 8, 41, 37 ]
    },
    "v3Metadata" : {
      "annotations" : {
        "mta_id" : "cash",
        "mta_version" : "0.0.1",
        "mta_resource" : "{\"name\":\"uaa_cash\"}"
      },
      "labels" : {
        "mta_id" : "93585797569d208d914078d513c8c55a"
      }
    },
    "label" : "xsuaa",
    "plan" : "application",
    "credentials" : "********",
    "tags" : [ ],
    "type" : "managed",
    "lastOperation" : {
      "type" : "UPDATE",
      "description" : "",
      "state" : "SUCCEEDED"
    },
    "resourceName" : "uaa_cash"
  }, {
    "name" : "cash-destination-service",
    "metadata" : {
      "guid" : "9ba9bf6e-3775-4239-b9ca-4cca974255ab",
      "createdAt" : [ 2026, 2, 4, 8, 41, 36 ],
      "updatedAt" : [ 2026, 2, 4, 8, 41, 38 ]
    },
    "v3Metadata" : {
      "annotations" : {
        "mta_id" : "cash",
        "mta_version" : "0.0.1",
        "mta_resource" : "{\"name\":\"cash-destination-service\"}"
      },
      "labels" : {
        "mta_id" : "93585797569d208d914078d513c8c55a"
      }
    },
    "label" : "destination",
    "plan" : "lite",
    "credentials" : "********",
    "tags" : [ ],
    "type" : "managed",
    "lastOperation" : {
      "type" : "UPDATE",
      "description" : "",
      "state" : "SUCCEEDED"
    },
    "resourceName" : "cash-destination-service"
  } ]
}#
#2026 02 23 10:24:01.665#Z#INFO#c54eca4f-10a1-11f1-8441-eeee0a981670.OPERATION#flowable-async-job-executor-thread-14981#
[DetectDeployedMtaStep] Detected deployed MTA with ID "cash" and version "0.0.1"#
#2026 02 23 10:24:01.669#Z#DEBUG#c54eca4f-10a1-11f1-8441-eeee0a981670.OPERATION#flowable-async-job-executor-thread-14981#
[DetectDeployedMtaStep] Detecting backup mta by id "cash" and namespace "null"#
#2026 02 23 10:24:01.669#Z#DEBUG#c54eca4f-10a1-11f1-8441-eeee0a981670.OPERATION#flowable-async-job-executor-thread-14981#
[DetectDeployedMtaStep] Getting applications by metadata label selector "mta_id=93585797569d208d914078d513c8c55a,mta_namespace=b698114a0995e936895b9598a6c19a2c"...#
#2026 02 23 10:24:01.709#Z#DEBUG#c54eca4f-10a1-11f1-8441-eeee0a981670.OPERATION#flowable-async-job-executor-thread-14981#
[DetectDeployedMtaStep] Getting service instances by metadata label selector "mta_id=93585797569d208d914078d513c8c55a,mta_namespace=b698114a0995e936895b9598a6c19a2c"...#
#2026 02 23 10:24:01.779#Z#DEBUG#c54eca4f-10a1-11f1-8441-eeee0a981670.OPERATION#flowable-async-job-executor-thread-14981#
[DetectDeployedMtaStep] Deployed MTA service keys: [ {
  "name" : "********",
  "metadata" : {
    "guid" : "f6bae23d-54bf-4460-88df-6cc3ddc47ded",
    "createdAt" : [ 2026, 2, 4, 8, 41, 49 ],
    "updatedAt" : [ 2026, 2, 4, 8, 41, 50 ]
  },
  "v3Metadata" : {
    "annotations" : {
      "mta_id" : "cash",
      "mta_version" : "0.0.1"
    },
    "labels" : {
      "mta_id" : "93585797569d208d914078d513c8c55a",
      "space_guid" : "d4cc54dd-a0eb-40b4-887a-bc71ebccd114"
    }
  },
  "serviceInstance" : {
    "name" : "cash-html5-app-host-service",
    "metadata" : {
      "guid" : "a90833dd-8daf-4847-9b4a-512ee34b800f",
      "createdAt" : [ 2026, 2, 4, 8, 41, 35 ],
      "updatedAt" : [ 2026, 2, 4, 8, 41, 36 ]
    },
    "v3Metadata" : {
      "annotations" : {
        "mta_id" : "cash",
        "mta_version" : "0.0.1",
        "mta_resource" : "{\"name\":\"cash_html_repo_host\"}"
      },
      "labels" : {
        "mta_id" : "93585797569d208d914078d513c8c55a"
      }
    },
    "credentials" : "********",
    "tags" : [ ],
    "type" : "managed"
  }
}, {
  "name" : "********",
  "metadata" : {
    "guid" : "2d9f7b5b-ca4f-4264-917e-ca4277c78236",
    "createdAt" : [ 2026, 2, 4, 8, 41, 49 ],
    "updatedAt" : [ 2026, 2, 4, 8, 41, 50 ]
  },
  "v3Metadata" : {
    "annotations" : {
      "mta_id" : "cash",
      "mta_version" : "0.0.1"
    },
    "labels" : {
      "mta_id" : "93585797569d208d914078d513c8c55a",
      "space_guid" : "d4cc54dd-a0eb-40b4-887a-bc71ebccd114"
    }
  },
  "serviceInstance" : {
    "name" : "cash-xsuaa-service",
    "metadata" : {
      "guid" : "1187d5ac-1a9f-4f85-8b9c-46e15a7b2773",
      "createdAt" : [ 2026, 2, 4, 8, 41, 36 ],
      "updatedAt" : [ 2026, 2, 4, 8, 41, 37 ]
    },
    "v3Metadata" : {
      "annotations" : {
        "mta_id" : "cash",
        "mta_version" : "0.0.1",
        "mta_resource" : "{\"name\":\"uaa_cash\"}"
      },
      "labels" : {
        "mta_id" : "93585797569d208d914078d513c8c55a"
      }
    },
    "credentials" : "********",
    "tags" : [ ],
    "type" : "managed"
  }
}, {
  "name" : "********",
  "metadata" : {
    "guid" : "8472725d-10a8-4613-b666-26b52896a4bc",
    "createdAt" : [ 2026, 2, 4, 8, 41, 49 ],
    "updatedAt" : [ 2026, 2, 4, 8, 41, 51 ]
  },
  "v3Metadata" : {
    "annotations" : {
      "mta_id" : "cash",
      "mta_version" : "0.0.1"
    },
    "labels" : {
      "mta_id" : "93585797569d208d914078d513c8c55a",
      "space_guid" : "d4cc54dd-a0eb-40b4-887a-bc71ebccd114"
    }
  },
  "serviceInstance" : {
    "name" : "cash-destination-service",
    "metadata" : {
      "guid" : "9ba9bf6e-3775-4239-b9ca-4cca974255ab",
      "createdAt" : [ 2026, 2, 4, 8, 41, 36 ],
      "updatedAt" : [ 2026, 2, 4, 8, 41, 38 ]
    },
    "v3Metadata" : {
      "annotations" : {
        "mta_id" : "cash",
        "mta_version" : "0.0.1",
        "mta_resource" : "{\"name\":\"cash-destination-service\"}"
      },
      "labels" : {
        "mta_id" : "93585797569d208d914078d513c8c55a"
      }
    },
    "credentials" : "********",
    "tags" : [ ],
    "type" : "managed"
  }
}, {
  "name" : "********",
  "metadata" : {
    "guid" : "8ca62c8f-4c00-48bc-8793-d00f233ca893",
    "createdAt" : [ 2026, 2, 4, 8, 41, 53 ],
    "updatedAt" : [ 2026, 2, 4, 8, 41, 56 ]
  },
  "v3Metadata" : {
    "annotations" : {
      "mta_id" : "cash",
      "mta_version" : "0.0.1"
    },
    "labels" : {
      "mta_id" : "93585797569d208d914078d513c8c55a",
      "space_guid" : "d4cc54dd-a0eb-40b4-887a-bc71ebccd114"
    }
  },
  "serviceInstance" : {
    "name" : "cash-html5-app-host-service",
    "metadata" : {
      "guid" : "a90833dd-8daf-4847-9b4a-512ee34b800f",
      "createdAt" : [ 2026, 2, 4, 8, 41, 35 ],
      "updatedAt" : [ 2026, 2, 4, 8, 41, 36 ]
    },
    "v3Metadata" : {
      "annotations" : {
        "mta_id" : "cash",
        "mta_version" : "0.0.1",
        "mta_resource" : "{\"name\":\"cash_html_repo_host\"}"
      },
      "labels" : {
        "mta_id" : "93585797569d208d914078d513c8c55a"
      }
    },
    "credentials" : "********",
    "tags" : [ ],
    "type" : "managed"
  }
} ]#
#2026 02 23 10:24:01.779#Z#DEBUG#c54eca4f-10a1-11f1-8441-eeee0a981670.OPERATION#flowable-async-job-executor-thread-14981#
Step "Detect Deployed MTA" finished#
#2026 02 23 10:24:01.809#Z#DEBUG#c54eca4f-10a1-11f1-8441-eeee0a981670.OPERATION#flowable-async-job-executor-thread-14976#
[XS2CollectSystemParametersStep] Executing task "collectSystemParametersTask" of process "c54eca71-10a1-11f1-8441-eeee0a981670"...#
#2026 02 23 10:24:01.810#Z#DEBUG#c54eca4f-10a1-11f1-8441-eeee0a981670.OPERATION#flowable-async-job-executor-thread-14976#
[XS2CollectSystemParametersStep] Collecting system parameters...#
#2026 02 23 10:24:01.810#Z#DEBUG#c54eca4f-10a1-11f1-8441-eeee0a981670.OPERATION#flowable-async-job-executor-thread-14976#
[XS2CollectSystemParametersStep] Getting default domain...#
#2026 02 23 10:24:01.839#Z#DEBUG#c54eca4f-10a1-11f1-8441-eeee0a981670.OPERATION#flowable-async-job-executor-thread-14976#
[XS2CollectSystemParametersStep] Default domain: cfapps.us10-001.hana.ondemand.com#
#2026 02 23 10:24:01.839#Z#DEBUG#c54eca4f-10a1-11f1-8441-eeee0a981670.OPERATION#flowable-async-job-executor-thread-14976#
[XS2CollectSystemParametersStep] Checking for overwriting read-only parameters for mta with id: "cash"#
#2026 02 23 10:24:01.839#Z#DEBUG#c54eca4f-10a1-11f1-8441-eeee0a981670.OPERATION#flowable-async-job-executor-thread-14976#
[XS2CollectSystemParametersStep] No read-only parameters are overwritten#
#2026 02 23 10:24:01.852#Z#DEBUG#c54eca4f-10a1-11f1-8441-eeee0a981670.OPERATION#flowable-async-job-executor-thread-14976#
[XS2CollectSystemParametersStep] Descriptor with system parameters: {
  "majorSchemaVersion" : 3,
  "schemaVersion" : "3.2.0",
  "id" : "cash",
  "version" : "0.0.1",
  "modules" : [ {
    "majorSchemaVersion" : 3,
    "name" : "cash-destination-content",
    "type" : "com.sap.application.content",
    "properties" : { },
    "parameters" : {
      "default-url" : "${protocol}://${default-uri}",
      "default-app-name" : "cash-destination-content",
      "generated-password" : "********",
      "default-live-url" : "${protocol}://${default-live-uri}",
      "default-uri" : "${host}.${domain}",
      "default-instances" : 1,
      "default-live-host" : "9aa5e1bctrial-dev-cash-destination-content",
      "instances" : "${default-instances}",
      "default-host" : "9aa5e1bctrial-dev-cash-destination-content",
      "content" : {
        "subaccount" : {
          "destinations" : [ {
            "Name" : "cash_cash_html_repo_host",
            "ServiceInstanceName" : "cash-html5-app-host-service",
            "ServiceKeyName" : "********",
            "sap.cloud.service" : "cash"
          }, {
            "Authentication" : "********",
            "Name" : "cash_uaa_cash",
            "ServiceInstanceName" : "cash-xsuaa-service",
            "ServiceKeyName" : "********",
            "sap.cloud.service" : "cash"
          } ],
          "existing_destinations_policy" : "ignore"
        }
      },
      "app-name" : "${default-app-name}",
      "default-live-uri" : "9aa5e1bctrial-dev-cash-destination-content.${domain}",
      "protocol" : "https",
      "default-live-app-name" : "cash-destination-content",
      "default-live-domain" : "cfapps.us10-001.hana.ondemand.com",
      "domain" : "${default-domain}",
      "host" : "${default-host}",
      "generated-user" : "********"
    },
    "requiredDependencies" : [ {
      "majorSchemaVersion" : 3,
      "name" : "cash-destination-service",
      "properties" : { },
      "parameters" : {
        "content-target" : true
      },
      "propertiesMetadata" : {
        "metadata" : { }
      },
      "parametersMetadata" : {
        "metadata" : { }
      }
    }, {
      "majorSchemaVersion" : 3,
      "name" : "cash_html_repo_host",
      "properties" : { },
      "parameters" : {
        "service-key" : "********"
      },
      "propertiesMetadata" : {
        "metadata" : { }
      },
      "parametersMetadata" : {
        "metadata" : { }
      }
    }, {
      "majorSchemaVersion" : 3,
      "name" : "uaa_cash",
      "properties" : { },
      "parameters" : {
        "service-key" : "********"
      },
      "propertiesMetadata" : {
        "metadata" : { }
      },
      "parametersMetadata" : {
        "metadata" : { }
      }
    } ],
    "providedDependencies" : [ {
      "majorSchemaVersion" : 3,
      "name" : "cash-destination-content",
      "isPublic" : false,
      "properties" : { },
      "parameters" : { },
      "propertiesMetadata" : {
        "metadata" : { }
      },
      "parametersMetadata" : {
        "metadata" : { }
      }
    } ],
    "propertiesMetadata" : {
      "metadata" : { }
    },
    "parametersMetadata" : {
      "metadata" : { }
    },
    "hooks" : [ ]
  }, {
    "majorSchemaVersion" : 3,
    "name" : "cash-app-content",
    "type" : "com.sap.application.content",
    "path" : "cash-app-content",
    "properties" : { },
    "parameters" : {
      "default-url" : "${protocol}://${default-uri}",
      "default-app-name" : "cash-app-content",
      "generated-password" : "********",
      "default-live-url" : "${protocol}://${default-live-uri}",
      "default-uri" : "${host}.${domain}",
      "default-instances" : 1,
      "default-live-host" : "9aa5e1bctrial-dev-cash-app-content",
      "instances" : "${default-instances}",
      "default-host" : "9aa5e1bctrial-dev-cash-app-content",
      "app-name" : "${default-app-name}",
      "default-live-uri" : "9aa5e1bctrial-dev-cash-app-content.${domain}",
      "protocol" : "https",
      "default-live-app-name" : "cash-app-content",
      "default-live-domain" : "cfapps.us10-001.hana.ondemand.com",
      "domain" : "${default-domain}",
      "host" : "${default-host}",
      "generated-user" : "********"
    },
    "requiredDependencies" : [ {
      "majorSchemaVersion" : 3,
      "name" : "cash_html_repo_host",
      "properties" : { },
      "parameters" : {
        "content-target" : true
      },
      "propertiesMetadata" : {
        "metadata" : { }
      },
      "parametersMetadata" : {
        "metadata" : { }
      }
    } ],
    "providedDependencies" : [ {
      "majorSchemaVersion" : 3,
      "name" : "cash-app-content",
      "isPublic" : false,
      "properties" : { },
      "parameters" : { },
      "propertiesMetadata" : {
        "metadata" : { }
      },
      "parametersMetadata" : {
        "metadata" : { }
      }
    } ],
    "propertiesMetadata" : {
      "metadata" : { }
    },
    "parametersMetadata" : {
      "metadata" : { }
    },
    "hooks" : [ ]
  } ],
  "resources" : [ {
    "majorSchemaVersion" : 3,
    "name" : "cash-destination-service",
    "type" : "org.cloudfoundry.managed-service",
    "properties" : { },
    "parameters" : {
      "generated-password" : "********",
      "service-name" : "cash-destination-service",
      "service-plan" : "lite",
      "service" : "destination",
      "generated-user" : "********",
      "default-xsappname" : "cash-destination-service",
      "type" : "managed-service",
      "config" : {
        "HTML5Runtime_enabled" : true,
        "init_data" : {
          "subaccount" : {
            "destinations" : [ {
              "Authentication" : "********",
              "Name" : "ui5",
              "ProxyType" : "Internet",
              "Type" : "HTTP",
              "URL" : "https://ui5.sap.com"
            } ],
            "existing_destinations_policy" : "update"
          }
        },
        "version" : "1.0.0"
      },
      "default-service-name" : "cash-destination-service",
      "default-container-name" : "9AA5E1BCTRIAL_DEV_CASH_DESTINATION_SERVICE"
    },
    "isActive" : true,
    "isOptional" : false,
    "propertiesMetadata" : {
      "metadata" : { }
    },
    "parametersMetadata" : {
      "metadata" : { }
    },
    "requiredDependencies" : [ ],
    "processedAfter" : [ ]
  }, {
    "majorSchemaVersion" : 3,
    "name" : "cash_html_repo_host",
    "type" : "org.cloudfoundry.managed-service",
    "properties" : { },
    "parameters" : {
      "generated-password" : "********",
      "service-name" : "cash-html5-app-host-service",
      "service-plan" : "app-host",
      "service" : "html5-apps-repo",
      "generated-user" : "********",
      "default-xsappname" : "cash_html_repo_host",
      "type" : "managed-service",
      "default-service-name" : "cash_html_repo_host",
      "default-container-name" : "9AA5E1BCTRIAL_DEV_CASH_HTML_REPO_HOST"
    },
    "isActive" : true,
    "isOptional" : false,
    "propertiesMetadata" : {
      "metadata" : { }
    },
    "parametersMetadata" : {
      "metadata" : { }
    },
    "requiredDependencies" : [ ],
    "processedAfter" : [ ]
  }, {
    "majorSchemaVersion" : 3,
    "name" : "uaa_cash",
    "type" : "org.cloudfoundry.managed-service",
    "properties" : { },
    "parameters" : {
      "generated-password" : "********",
      "path" : "./xs-security.json",
      "service-name" : "cash-xsuaa-service",
      "service-plan" : "application",
      "service" : "xsuaa",
      "generated-user" : "********",
      "default-xsappname" : "uaa_cash",
      "type" : "managed-service",
      "default-service-name" : "uaa_cash",
      "default-container-name" : "9AA5E1BCTRIAL_DEV_UAA_CASH"
    },
    "isActive" : true,
    "isOptional" : false,
    "propertiesMetadata" : {
      "metadata" : { }
    },
    "parametersMetadata" : {
      "metadata" : { }
    },
    "requiredDependencies" : [ ],
    "processedAfter" : [ ]
  } ],
  "parameters" : {
    "deploy_mode" : "html5-repo",
    "mta-id" : "cash",
    "authorization-url" : "********",
    "org-guid" : "99c699cf-98ab-4829-8f04-edd18fccc82c",
    "org" : "9aa5e1bctrial",
    "deploy-target" : "9aa5e1bctrial dev",
    "space" : "dev",
    "xs-api-url" : "https://api.cf.us10-001.hana.ondemand.com",
    "deploy-url" : "deploy-service.cfapps.us10-001.hana.ondemand.com",
    "xs-type" : "CF",
    "default-domain" : "cfapps.us10-001.hana.ondemand.com",
    "mta-version" : "0.0.1",
    "xs-auth-url" : "********",
    "space-guid" : "d4cc54dd-a0eb-40b4-887a-bc71ebccd114",
    "user" : "********",
    "controller-url" : "https://api.cf.us10-001.hana.ondemand.com",
    "timestamp" : "20260223102401"
  },
  "parametersMetadata" : {
    "metadata" : { }
  }
}#
#2026 02 23 10:24:01.854#Z#DEBUG#c54eca4f-10a1-11f1-8441-eeee0a981670.OPERATION#flowable-async-job-executor-thread-14976#
[XS2CollectSystemParametersStep] Version rule: SAME_HIGHER#
#2026 02 23 10:24:01.854#Z#INFO#c54eca4f-10a1-11f1-8441-eeee0a981670.OPERATION#flowable-async-job-executor-thread-14976#
[XS2CollectSystemParametersStep] Detected new MTA version: "0.0.1"#
#2026 02 23 10:24:01.858#Z#INFO#c54eca4f-10a1-11f1-8441-eeee0a981670.OPERATION#flowable-async-job-executor-thread-14976#
[XS2CollectSystemParametersStep] Deployed MTA version: "0.0.1"#
#2026 02 23 10:24:01.863#Z#DEBUG#c54eca4f-10a1-11f1-8441-eeee0a981670.OPERATION#flowable-async-job-executor-thread-14976#
[XS2CollectSystemParametersStep] MTA accepted for deployment#
#2026 02 23 10:24:01.863#Z#DEBUG#c54eca4f-10a1-11f1-8441-eeee0a981670.OPERATION#flowable-async-job-executor-thread-14976#
[XS2CollectSystemParametersStep] System parameters collected#
#2026 02 23 10:24:01.863#Z#DEBUG#c54eca4f-10a1-11f1-8441-eeee0a981670.OPERATION#flowable-async-job-executor-thread-14976#
Step "Collect System Parameters" finished#
#2026 02 23 10:24:01.894#Z#DEBUG#c54eca4f-10a1-11f1-8441-eeee0a981670.OPERATION#flowable-async-job-executor-thread-14976#
[ProcessDescriptorStep] Executing task "processDescriptorTask" of process "c54eca71-10a1-11f1-8441-eeee0a981670"...#
#2026 02 23 10:24:01.895#Z#DEBUG#c54eca4f-10a1-11f1-8441-eeee0a981670.OPERATION#flowable-async-job-executor-thread-14976#
[ProcessDescriptorStep] Resolving properties and parameters in merged descriptor...#
#2026 02 23 10:24:01.897#Z#DEBUG#c54eca4f-10a1-11f1-8441-eeee0a981670.OPERATION#flowable-async-job-executor-thread-14976#
[ProcessDescriptorStep] Subscriptions: [ ]#
#2026 02 23 10:24:01.897#Z#DEBUG#c54eca4f-10a1-11f1-8441-eeee0a981670.OPERATION#flowable-async-job-executor-thread-14976#
[ProcessDescriptorStep] MTA modules: [cash-destination-content, cash-app-content]#
#2026 02 23 10:24:01.898#Z#DEBUG#c54eca4f-10a1-11f1-8441-eeee0a981670.OPERATION#flowable-async-job-executor-thread-14976#
[ProcessDescriptorStep] Resolved deployment descriptor: {
  "majorSchemaVersion" : 3,
  "schemaVersion" : "3.2.0",
  "id" : "cash",
  "version" : "0.0.1",
  "modules" : [ {
    "majorSchemaVersion" : 3,
    "name" : "cash-destination-content",
    "type" : "com.sap.application.content",
    "properties" : { },
    "parameters" : {
      "default-url" : "https://9aa5e1bctrial-dev-cash-destination-content.cfapps.us10-001.hana.ondemand.com",
      "default-app-name" : "cash-destination-content",
      "generated-password" : "********",
      "default-live-url" : "https://9aa5e1bctrial-dev-cash-destination-content.cfapps.us10-001.hana.ondemand.com",
      "default-uri" : "9aa5e1bctrial-dev-cash-destination-content.cfapps.us10-001.hana.ondemand.com",
      "default-instances" : 1,
      "default-live-host" : "9aa5e1bctrial-dev-cash-destination-content",
      "instances" : 1,
      "default-host" : "9aa5e1bctrial-dev-cash-destination-content",
      "content" : {
        "subaccount" : {
          "destinations" : [ {
            "Name" : "cash_cash_html_repo_host",
            "ServiceInstanceName" : "cash-html5-app-host-service",
            "ServiceKeyName" : "********",
            "sap.cloud.service" : "cash"
          }, {
            "Authentication" : "********",
            "Name" : "cash_uaa_cash",
            "ServiceInstanceName" : "cash-xsuaa-service",
            "ServiceKeyName" : "********",
            "sap.cloud.service" : "cash"
          } ],
          "existing_destinations_policy" : "ignore"
        }
      },
      "app-name" : "cash-destination-content",
      "default-live-uri" : "9aa5e1bctrial-dev-cash-destination-content.cfapps.us10-001.hana.ondemand.com",
      "protocol" : "https",
      "default-live-app-name" : "cash-destination-content",
      "default-live-domain" : "cfapps.us10-001.hana.ondemand.com",
      "domain" : "cfapps.us10-001.hana.ondemand.com",
      "host" : "9aa5e1bctrial-dev-cash-destination-content",
      "generated-user" : "********"
    },
    "requiredDependencies" : [ {
      "majorSchemaVersion" : 3,
      "name" : "cash-destination-service",
      "properties" : { },
      "parameters" : {
        "content-target" : true
      },
      "propertiesMetadata" : {
        "metadata" : { }
      },
      "parametersMetadata" : {
        "metadata" : { }
      }
    }, {
      "majorSchemaVersion" : 3,
      "name" : "cash_html_repo_host",
      "properties" : { },
      "parameters" : {
        "service-key" : "********"
      },
      "propertiesMetadata" : {
        "metadata" : { }
      },
      "parametersMetadata" : {
        "metadata" : { }
      }
    }, {
      "majorSchemaVersion" : 3,
      "name" : "uaa_cash",
      "properties" : { },
      "parameters" : {
        "service-key" : "********"
      },
      "propertiesMetadata" : {
        "metadata" : { }
      },
      "parametersMetadata" : {
        "metadata" : { }
      }
    } ],
    "providedDependencies" : [ {
      "majorSchemaVersion" : 3,
      "name" : "cash-destination-content",
      "isPublic" : false,
      "properties" : { },
      "parameters" : { },
      "propertiesMetadata" : {
        "metadata" : { }
      },
      "parametersMetadata" : {
        "metadata" : { }
      }
    } ],
    "propertiesMetadata" : {
      "metadata" : { }
    },
    "parametersMetadata" : {
      "metadata" : { }
    },
    "hooks" : [ ]
  }, {
    "majorSchemaVersion" : 3,
    "name" : "cash-app-content",
    "type" : "com.sap.application.content",
    "path" : "cash-app-content",
    "properties" : { },
    "parameters" : {
      "default-url" : "https://9aa5e1bctrial-dev-cash-app-content.cfapps.us10-001.hana.ondemand.com",
      "default-app-name" : "cash-app-content",
      "generated-password" : "********",
      "default-live-url" : "https://9aa5e1bctrial-dev-cash-app-content.cfapps.us10-001.hana.ondemand.com",
      "default-uri" : "9aa5e1bctrial-dev-cash-app-content.cfapps.us10-001.hana.ondemand.com",
      "default-instances" : 1,
      "default-live-host" : "9aa5e1bctrial-dev-cash-app-content",
      "instances" : 1,
      "default-host" : "9aa5e1bctrial-dev-cash-app-content",
      "app-name" : "cash-app-content",
      "default-live-uri" : "9aa5e1bctrial-dev-cash-app-content.cfapps.us10-001.hana.ondemand.com",
      "protocol" : "https",
      "default-live-app-name" : "cash-app-content",
      "default-live-domain" : "cfapps.us10-001.hana.ondemand.com",
      "domain" : "cfapps.us10-001.hana.ondemand.com",
      "host" : "9aa5e1bctrial-dev-cash-app-content",
      "generated-user" : "********"
    },
    "requiredDependencies" : [ {
      "majorSchemaVersion" : 3,
      "name" : "cash_html_repo_host",
      "properties" : { },
      "parameters" : {
        "content-target" : true
      },
      "propertiesMetadata" : {
        "metadata" : { }
      },
      "parametersMetadata" : {
        "metadata" : { }
      }
    } ],
    "providedDependencies" : [ {
      "majorSchemaVersion" : 3,
      "name" : "cash-app-content",
      "isPublic" : false,
      "properties" : { },
      "parameters" : { },
      "propertiesMetadata" : {
        "metadata" : { }
      },
      "parametersMetadata" : {
        "metadata" : { }
      }
    } ],
    "propertiesMetadata" : {
      "metadata" : { }
    },
    "parametersMetadata" : {
      "metadata" : { }
    },
    "hooks" : [ ]
  } ],
  "resources" : [ {
    "majorSchemaVersion" : 3,
    "name" : "cash-destination-service",
    "type" : "org.cloudfoundry.managed-service",
    "properties" : { },
    "parameters" : {
      "generated-password" : "********",
      "service-name" : "cash-destination-service",
      "service-plan" : "lite",
      "service" : "destination",
      "generated-user" : "********",
      "default-xsappname" : "cash-destination-service",
      "type" : "managed-service",
      "config" : {
        "HTML5Runtime_enabled" : true,
        "init_data" : {
          "subaccount" : {
            "destinations" : [ {
              "Authentication" : "********",
              "Name" : "ui5",
              "ProxyType" : "Internet",
              "Type" : "HTTP",
              "URL" : "https://ui5.sap.com"
            } ],
            "existing_destinations_policy" : "update"
          }
        },
        "version" : "1.0.0"
      },
      "default-service-name" : "cash-destination-service",
      "default-container-name" : "9AA5E1BCTRIAL_DEV_CASH_DESTINATION_SERVICE"
    },
    "isActive" : true,
    "isOptional" : false,
    "propertiesMetadata" : {
      "metadata" : { }
    },
    "parametersMetadata" : {
      "metadata" : { }
    },
    "requiredDependencies" : [ ],
    "processedAfter" : [ ]
  }, {
    "majorSchemaVersion" : 3,
    "name" : "cash_html_repo_host",
    "type" : "org.cloudfoundry.managed-service",
    "properties" : { },
    "parameters" : {
      "generated-password" : "********",
      "service-name" : "cash-html5-app-host-service",
      "service-plan" : "app-host",
      "service" : "html5-apps-repo",
      "generated-user" : "********",
      "default-xsappname" : "cash_html_repo_host",
      "type" : "managed-service",
      "default-service-name" : "cash_html_repo_host",
      "default-container-name" : "9AA5E1BCTRIAL_DEV_CASH_HTML_REPO_HOST"
    },
    "isActive" : true,
    "isOptional" : false,
    "propertiesMetadata" : {
      "metadata" : { }
    },
    "parametersMetadata" : {
      "metadata" : { }
    },
    "requiredDependencies" : [ ],
    "processedAfter" : [ ]
  }, {
    "majorSchemaVersion" : 3,
    "name" : "uaa_cash",
    "type" : "org.cloudfoundry.managed-service",
    "properties" : { },
    "parameters" : {
      "generated-password" : "********",
      "path" : "./xs-security.json",
      "service-name" : "cash-xsuaa-service",
      "service-plan" : "application",
      "service" : "xsuaa",
      "generated-user" : "********",
      "default-xsappname" : "uaa_cash",
      "type" : "managed-service",
      "default-service-name" : "uaa_cash",
      "default-container-name" : "9AA5E1BCTRIAL_DEV_UAA_CASH"
    },
    "isActive" : true,
    "isOptional" : false,
    "propertiesMetadata" : {
      "metadata" : { }
    },
    "parametersMetadata" : {
      "metadata" : { }
    },
    "requiredDependencies" : [ ],
    "processedAfter" : [ ]
  } ],
  "parameters" : {
    "deploy_mode" : "html5-repo",
    "mta-id" : "cash",
    "authorization-url" : "********",
    "org-guid" : "99c699cf-98ab-4829-8f04-edd18fccc82c",
    "org" : "9aa5e1bctrial",
    "deploy-target" : "9aa5e1bctrial dev",
    "region-primary-domain" : "us10.hana.ondemand.com",
    "space" : "dev",
    "region-domain" : "us10-001.hana.ondemand.com",
    "xs-api-url" : "https://api.cf.us10-001.hana.ondemand.com",
    "deploy-url" : "deploy-service.cfapps.us10-001.hana.ondemand.com",
    "xs-type" : "CF",
    "default-domain" : "cfapps.us10-001.hana.ondemand.com",
    "mta-version" : "0.0.1",
    "xs-auth-url" : "********",
    "space-guid" : "d4cc54dd-a0eb-40b4-887a-bc71ebccd114",
    "user" : "********",
    "controller-url" : "https://api.cf.us10-001.hana.ondemand.com",
    "timestamp" : "20260223102401"
  },
  "parametersMetadata" : {
    "metadata" : { }
  }
}#
#2026 02 23 10:24:01.898#Z#DEBUG#c54eca4f-10a1-11f1-8441-eeee0a981670.OPERATION#flowable-async-job-executor-thread-14976#
[ProcessDescriptorStep] Merged descriptor properties and parameters resolved#
#2026 02 23 10:24:01.898#Z#DEBUG#c54eca4f-10a1-11f1-8441-eeee0a981670.OPERATION#flowable-async-job-executor-thread-14976#
Step "Process Descriptor Step" finished#
#2026 02 23 10:24:01.928#Z#DEBUG#c54eca4f-10a1-11f1-8441-eeee0a981670.OPERATION#flowable-async-job-executor-thread-14979#
[XS2BuildCloudDeployModelStep] Executing task "buildDeployModelTask" of process "c54eca71-10a1-11f1-8441-eeee0a981670"...#
#2026 02 23 10:24:01.931#Z#DEBUG#c54eca4f-10a1-11f1-8441-eeee0a981670.OPERATION#flowable-async-job-executor-thread-14979#
[XS2BuildCloudDeployModelStep] Service keys defined for content deployment grouped by service name: {
  "uaa_cash" : [ {
    "name" : "********",
    "v3Metadata" : {
      "annotations" : {
        "mta_id" : "cash",
        "mta_version" : "0.0.1"
      },
      "labels" : {
        "mta_id" : "93585797569d208d914078d513c8c55a",
        "space_guid" : "d4cc54dd-a0eb-40b4-887a-bc71ebccd114"
      }
    },
    "credentials" : "********",
    "moduleName" : "cash-destination-content",
    "resourceName" : "uaa_cash",
    "serviceInstance" : {
      "isOptional" : false,
      "isManaged" : false,
      "name" : "cash-xsuaa-service",
      "credentials" : "********",
      "tags" : [ ],
      "shouldSkipParametersUpdate" : false,
      "shouldSkipPlanUpdate" : false,
      "shouldSkipTagsUpdate" : false,
      "shouldSkipSyslogUrlUpdate" : false
    },
    "shouldDeleteServiceKeyAfterDeploy" : "********",
    "resourceType" : "org.cloudfoundry.managed-service"
  } ],
  "cash-destination-service" : [ {
    "name" : "********",
    "v3Metadata" : {
      "annotations" : {
        "mta_id" : "cash",
        "mta_version" : "0.0.1"
      },
      "labels" : {
        "mta_id" : "93585797569d208d914078d513c8c55a",
        "space_guid" : "d4cc54dd-a0eb-40b4-887a-bc71ebccd114"
      }
    },
    "credentials" : "********",
    "moduleName" : "cash-destination-content",
    "resourceName" : "cash-destination-service",
    "serviceInstance" : {
      "isOptional" : false,
      "isManaged" : false,
      "name" : "cash-destination-service",
      "credentials" : "********",
      "tags" : [ ],
      "shouldSkipParametersUpdate" : false,
      "shouldSkipPlanUpdate" : false,
      "shouldSkipTagsUpdate" : false,
      "shouldSkipSyslogUrlUpdate" : false
    },
    "shouldDeleteServiceKeyAfterDeploy" : "********",
    "resourceType" : "org.cloudfoundry.managed-service"
  } ],
  "cash_html_repo_host" : [ {
    "name" : "********",
    "v3Metadata" : {
      "annotations" : {
        "mta_id" : "cash",
        "mta_version" : "0.0.1"
      },
      "labels" : {
        "mta_id" : "93585797569d208d914078d513c8c55a",
        "space_guid" : "d4cc54dd-a0eb-40b4-887a-bc71ebccd114"
      }
    },
    "credentials" : "********",
    "moduleName" : "cash-destination-content",
    "resourceName" : "cash_html_repo_host",
    "serviceInstance" : {
      "isOptional" : false,
      "isManaged" : false,
      "name" : "cash-html5-app-host-service",
      "credentials" : "********",
      "tags" : [ ],
      "shouldSkipParametersUpdate" : false,
      "shouldSkipPlanUpdate" : false,
      "shouldSkipTagsUpdate" : false,
      "shouldSkipSyslogUrlUpdate" : false
    },
    "shouldDeleteServiceKeyAfterDeploy" : "********",
    "resourceType" : "org.cloudfoundry.managed-service"
  }, {
    "name" : "********",
    "v3Metadata" : {
      "annotations" : {
        "mta_id" : "cash",
        "mta_version" : "0.0.1"
      },
      "labels" : {
        "mta_id" : "93585797569d208d914078d513c8c55a",
        "space_guid" : "d4cc54dd-a0eb-40b4-887a-bc71ebccd114"
      }
    },
    "credentials" : "********",
    "moduleName" : "cash-app-content",
    "resourceName" : "cash_html_repo_host",
    "serviceInstance" : {
      "isOptional" : false,
      "isManaged" : false,
      "name" : "cash-html5-app-host-service",
      "credentials" : "********",
      "tags" : [ ],
      "shouldSkipParametersUpdate" : false,
      "shouldSkipPlanUpdate" : false,
      "shouldSkipTagsUpdate" : false,
      "shouldSkipSyslogUrlUpdate" : false
    },
    "shouldDeleteServiceKeyAfterDeploy" : "********",
    "resourceType" : "org.cloudfoundry.managed-service"
  } ]
}#
#2026 02 23 10:24:01.931#Z#DEBUG#c54eca4f-10a1-11f1-8441-eeee0a981670.OPERATION#flowable-async-job-executor-thread-14979#
[XS2BuildCloudDeployModelStep] Building cloud deployment model...#
#2026 02 23 10:24:01.935#Z#DEBUG#c54eca4f-10a1-11f1-8441-eeee0a981670.OPERATION#flowable-async-job-executor-thread-14979#
[XS2BuildCloudDeployModelStep] MTA archive modules: [cash-app-content]#
#2026 02 23 10:24:01.935#Z#DEBUG#c54eca4f-10a1-11f1-8441-eeee0a981670.OPERATION#flowable-async-job-executor-thread-14979#
[XS2BuildCloudDeployModelStep] Deployed modules: []#
#2026 02 23 10:24:01.936#Z#DEBUG#c54eca4f-10a1-11f1-8441-eeee0a981670.OPERATION#flowable-async-job-executor-thread-14979#
[XS2BuildCloudDeployModelStep] MTA modules: [cash-destination-content, cash-app-content]#
#2026 02 23 10:24:01.936#Z#DEBUG#c54eca4f-10a1-11f1-8441-eeee0a981670.OPERATION#flowable-async-job-executor-thread-14979#
[XS2BuildCloudDeployModelStep] Service keys to create: {
  "uaa_cash" : [ ],
  "cash-destination-service" : [ ],
  "cash_html_repo_host" : [ ]
}#
#2026 02 23 10:24:01.937#Z#DEBUG#c54eca4f-10a1-11f1-8441-eeee0a981670.OPERATION#flowable-async-job-executor-thread-14979#
[XS2BuildCloudDeployModelStep] Modules to deploy: [{
  "majorSchemaVersion" : 3,
  "name" : "cash-destination-content",
  "type" : "com.sap.application.content",
  "properties" : { },
  "parameters" : {
    "default-url" : "https://9aa5e1bctrial-dev-cash-destination-content.cfapps.us10-001.hana.ondemand.com",
    "default-app-name" : "cash-destination-content",
    "generated-password" : "********",
    "default-live-url" : "https://9aa5e1bctrial-dev-cash-destination-content.cfapps.us10-001.hana.ondemand.com",
    "default-uri" : "9aa5e1bctrial-dev-cash-destination-content.cfapps.us10-001.hana.ondemand.com",
    "default-instances" : 1,
    "default-live-host" : "9aa5e1bctrial-dev-cash-destination-content",
    "instances" : 1,
    "default-host" : "9aa5e1bctrial-dev-cash-destination-content",
    "content" : {
      "subaccount" : {
        "destinations" : [ {
          "Name" : "cash_cash_html_repo_host",
          "ServiceInstanceName" : "cash-html5-app-host-service",
          "ServiceKeyName" : "********",
          "sap.cloud.service" : "cash"
        }, {
          "Authentication" : "********",
          "Name" : "cash_uaa_cash",
          "ServiceInstanceName" : "cash-xsuaa-service",
          "ServiceKeyName" : "********",
          "sap.cloud.service" : "cash"
        } ],
        "existing_destinations_policy" : "ignore"
      }
    },
    "app-name" : "cash-destination-content",
    "default-live-uri" : "9aa5e1bctrial-dev-cash-destination-content.cfapps.us10-001.hana.ondemand.com",
    "protocol" : "https",
    "default-live-app-name" : "cash-destination-content",
    "default-live-domain" : "cfapps.us10-001.hana.ondemand.com",
    "dependency-type" : "soft",
    "domain" : "cfapps.us10-001.hana.ondemand.com",
    "host" : "9aa5e1bctrial-dev-cash-destination-content",
    "generated-user" : "********"
  },
  "requiredDependencies" : [ {
    "majorSchemaVersion" : 3,
    "name" : "cash-destination-service",
    "properties" : { },
    "parameters" : {
      "content-target" : true
    },
    "propertiesMetadata" : {
      "metadata" : { }
    },
    "parametersMetadata" : {
      "metadata" : { }
    }
  }, {
    "majorSchemaVersion" : 3,
    "name" : "cash_html_repo_host",
    "properties" : { },
    "parameters" : {
      "service-key" : "********"
    },
    "propertiesMetadata" : {
      "metadata" : { }
    },
    "parametersMetadata" : {
      "metadata" : { }
    }
  }, {
    "majorSchemaVersion" : 3,
    "name" : "uaa_cash",
    "properties" : { },
    "parameters" : {
      "service-key" : "********"
    },
    "propertiesMetadata" : {
      "metadata" : { }
    },
    "parametersMetadata" : {
      "metadata" : { }
    }
  } ],
  "providedDependencies" : [ {
    "majorSchemaVersion" : 3,
    "name" : "cash-destination-content",
    "isPublic" : false,
    "properties" : { },
    "parameters" : { },
    "propertiesMetadata" : {
      "metadata" : { }
    },
    "parametersMetadata" : {
      "metadata" : { }
    }
  } ],
  "propertiesMetadata" : {
    "metadata" : { }
  },
  "parametersMetadata" : {
    "metadata" : { }
  },
  "hooks" : [ ]
}, {
  "majorSchemaVersion" : 3,
  "name" : "cash-app-content",
  "type" : "com.sap.application.content",
  "path" : "cash-app-content",
  "properties" : { },
  "parameters" : {
    "default-url" : "https://9aa5e1bctrial-dev-cash-app-content.cfapps.us10-001.hana.ondemand.com",
    "default-app-name" : "cash-app-content",
    "generated-password" : "********",
    "default-live-url" : "https://9aa5e1bctrial-dev-cash-app-content.cfapps.us10-001.hana.ondemand.com",
    "default-uri" : "9aa5e1bctrial-dev-cash-app-content.cfapps.us10-001.hana.ondemand.com",
    "default-instances" : 1,
    "default-live-host" : "9aa5e1bctrial-dev-cash-app-content",
    "instances" : 1,
    "default-host" : "9aa5e1bctrial-dev-cash-app-content",
    "app-name" : "cash-app-content",
    "default-live-uri" : "9aa5e1bctrial-dev-cash-app-content.cfapps.us10-001.hana.ondemand.com",
    "protocol" : "https",
    "default-live-app-name" : "cash-app-content",
    "default-live-domain" : "cfapps.us10-001.hana.ondemand.com",
    "dependency-type" : "soft",
    "domain" : "cfapps.us10-001.hana.ondemand.com",
    "host" : "9aa5e1bctrial-dev-cash-app-content",
    "generated-user" : "********"
  },
  "requiredDependencies" : [ {
    "majorSchemaVersion" : 3,
    "name" : "cash_html_repo_host",
    "properties" : { },
    "parameters" : {
      "content-target" : true
    },
    "propertiesMetadata" : {
      "metadata" : { }
    },
    "parametersMetadata" : {
      "metadata" : { }
    }
  } ],
  "providedDependencies" : [ {
    "majorSchemaVersion" : 3,
    "name" : "cash-app-content",
    "isPublic" : false,
    "properties" : { },
    "parameters" : { },
    "propertiesMetadata" : {
      "metadata" : { }
    },
    "parametersMetadata" : {
      "metadata" : { }
    }
  } ],
  "propertiesMetadata" : {
    "metadata" : { }
  },
  "parametersMetadata" : {
    "metadata" : { }
  },
  "hooks" : [ ]
}]#
#2026 02 23 10:24:01.937#Z#DEBUG#c54eca4f-10a1-11f1-8441-eeee0a981670.OPERATION#flowable-async-job-executor-thread-14979#
[XS2BuildCloudDeployModelStep] Custom domains: []#
#2026 02 23 10:24:01.937#Z#DEBUG#c54eca4f-10a1-11f1-8441-eeee0a981670.OPERATION#flowable-async-job-executor-thread-14979#
[XS2BuildCloudDeployModelStep] Calculating resource batches...#
#2026 02 23 10:24:01.937#Z#DEBUG#c54eca4f-10a1-11f1-8441-eeee0a981670.OPERATION#flowable-async-job-executor-thread-14979#
[XS2BuildCloudDeployModelStep] Calculating resource batches completed.#
#2026 02 23 10:24:01.937#Z#DEBUG#c54eca4f-10a1-11f1-8441-eeee0a981670.OPERATION#flowable-async-job-executor-thread-14979#
[XS2BuildCloudDeployModelStep] Cloud deployment model built#
#2026 02 23 10:24:01.937#Z#DEBUG#c54eca4f-10a1-11f1-8441-eeee0a981670.OPERATION#flowable-async-job-executor-thread-14979#
Step "Build Deploy Model" finished#
#2026 02 23 10:24:01.974#Z#DEBUG#c54eca4f-10a1-11f1-8441-eeee0a981670.OPERATION#flowable-async-job-executor-thread-14982#
[BuildCloudUndeployModelStep] Executing task "buildUndeployModelTask" of process "c54eca71-10a1-11f1-8441-eeee0a981670"...#
#2026 02 23 10:24:01.975#Z#DEBUG#c54eca4f-10a1-11f1-8441-eeee0a981670.OPERATION#flowable-async-job-executor-thread-14982#
[BuildCloudUndeployModelStep] Building cloud undeployment model...#
#2026 02 23 10:24:01.976#Z#DEBUG#c54eca4f-10a1-11f1-8441-eeee0a981670.OPERATION#flowable-async-job-executor-thread-14982#
[BuildCloudUndeployModelStep] Detecting service keys to delete.#
#2026 02 23 10:24:01.977#Z#DEBUG#c54eca4f-10a1-11f1-8441-eeee0a981670.OPERATION#flowable-async-job-executor-thread-14982#
[BuildCloudUndeployModelStep] Detected deployed service keys by service "{cash-html5-app-host-service=[DeployedMtaServiceKey{name=cash_html_repo_host-key, metadata=CloudMetadata{guid=f6bae23d-54bf-4460-88df-6cc3ddc47ded, createdAt=2026-02-04T08:41:49, updatedAt=2026-02-04T08:41:50, url=null}, v3Metadata=Metadata{annotations={mta_id=cash, mta_version=0.0.1}, labels={mta_id=93585797569d208d914078d513c8c55a, space_guid=d4cc54dd-a0eb-40b4-887a-bc71ebccd114}}, credentials=null, serviceInstance=CloudServiceInstance{name=cash-html5-app-host-service, metadata=CloudMetadata{guid=a90833dd-8daf-4847-9b4a-512ee34b800f, createdAt=2026-02-04T08:41:35, updatedAt=2026-02-04T08:41:36, url=null}, v3Metadata=Metadata{annotations={mta_id=cash, mta_version=0.0.1, mta_resource={"name":"cash_html_repo_host"}}, labels={mta_id=93585797569d208d914078d513c8c55a}}, label=null, plan=null, provider=null, broker=null, version=null, credentials={}, syslogDrainUrl=null, tags=[], type=managed, lastOperation=null}, serviceKeyOperation=null, resourceName=null}, DeployedMtaServiceKey{name=cash-app-content-cash_html_repo_host-credentials, metadata=CloudMetadata{guid=8ca62c8f-4c00-48bc-8793-d00f233ca893, createdAt=2026-02-04T08:41:53, updatedAt=2026-02-04T08:41:56, url=null}, v3Metadata=Metadata{annotations={mta_id=cash, mta_version=0.0.1}, labels={mta_id=93585797569d208d914078d513c8c55a, space_guid=d4cc54dd-a0eb-40b4-887a-bc71ebccd114}}, credentials=null, serviceInstance=CloudServiceInstance{name=cash-html5-app-host-service, metadata=CloudMetadata{guid=a90833dd-8daf-4847-9b4a-512ee34b800f, createdAt=2026-02-04T08:41:35, updatedAt=2026-02-04T08:41:36, url=null}, v3Metadata=Metadata{annotations={mta_id=cash, mta_version=0.0.1, mta_resource={"name":"cash_html_repo_host"}}, labels={mta_id=93585797569d208d914078d513c8c55a}}, label=null, plan=null, provider=null, broker=null, version=null, credentials={}, syslogDrainUrl=null, tags=[], type=managed, lastOperation=null}, serviceKeyOperation=null, resourceName=null}], cash-destination-service=[DeployedMtaServiceKey{name=cash-destination-content-cash-destination-service-credentials, metadata=CloudMetadata{guid=8472725d-10a8-4613-b666-26b52896a4bc, createdAt=2026-02-04T08:41:49, updatedAt=2026-02-04T08:41:51, url=null}, v3Metadata=Metadata{annotations={mta_id=cash, mta_version=0.0.1}, labels={mta_id=93585797569d208d914078d513c8c55a, space_guid=d4cc54dd-a0eb-40b4-887a-bc71ebccd114}}, credentials=null, serviceInstance=CloudServiceInstance{name=cash-destination-service, metadata=CloudMetadata{guid=9ba9bf6e-3775-4239-b9ca-4cca974255ab, createdAt=2026-02-04T08:41:36, updatedAt=2026-02-04T08:41:38, url=null}, v3Metadata=Metadata{annotations={mta_id=cash, mta_version=0.0.1, mta_resource={"name":"cash-destination-service"}}, labels={mta_id=93585797569d208d914078d513c8c55a}}, label=null, plan=null, provider=null, broker=null, version=null, credentials={}, syslogDrainUrl=null, tags=[], type=managed, lastOperation=null}, serviceKeyOperation=null, resourceName=null}], cash-xsuaa-service=[DeployedMtaServiceKey{name=uaa_cash-key, metadata=CloudMetadata{guid=2d9f7b5b-ca4f-4264-917e-ca4277c78236, createdAt=2026-02-04T08:41:49, updatedAt=2026-02-04T08:41:50, url=null}, v3Metadata=Metadata{annotations={mta_id=cash, mta_version=0.0.1}, labels={mta_id=93585797569d208d914078d513c8c55a, space_guid=d4cc54dd-a0eb-40b4-887a-bc71ebccd114}}, credentials=null, serviceInstance=CloudServiceInstance{name=cash-xsuaa-service, metadata=CloudMetadata{guid=1187d5ac-1a9f-4f85-8b9c-46e15a7b2773, createdAt=2026-02-04T08:41:36, updatedAt=2026-02-04T08:41:37, url=null}, v3Metadata=Metadata{annotations={mta_id=cash, mta_version=0.0.1, mta_resource={"name":"uaa_cash"}}, labels={mta_id=93585797569d208d914078d513c8c55a}}, label=null, plan=null, provider=null, broker=null, version=null, credentials={}, syslogDrainUrl=null, tags=[], type=managed, lastOperation=null}, serviceKeyOperation=null, resourceName=null}]}"#
#2026 02 23 10:24:01.978#Z#DEBUG#c54eca4f-10a1-11f1-8441-eeee0a981670.OPERATION#flowable-async-job-executor-thread-14982#
[BuildCloudUndeployModelStep] New service keys by service "{cash-html5-app-host-service=[cash_html_repo_host-key, cash-app-content-cash_html_repo_host-credentials], cash-destination-service=[cash-destination-content-cash-destination-service-credentials], cash-xsuaa-service=[uaa_cash-key]}"#
#2026 02 23 10:24:01.979#Z#DEBUG#c54eca4f-10a1-11f1-8441-eeee0a981670.OPERATION#flowable-async-job-executor-thread-14982#
[BuildCloudUndeployModelStep] Existing service keys by service "{}"#
#2026 02 23 10:24:01.979#Z#DEBUG#c54eca4f-10a1-11f1-8441-eeee0a981670.OPERATION#flowable-async-job-executor-thread-14982#
[BuildCloudUndeployModelStep] Detected service keys to delete "[]"#
#2026 02 23 10:24:01.982#Z#DEBUG#c54eca4f-10a1-11f1-8441-eeee0a981670.OPERATION#flowable-async-job-executor-thread-14982#
[BuildCloudUndeployModelStep] MTA modules: [cash-destination-content, cash-app-content]#
#2026 02 23 10:24:01.982#Z#DEBUG#c54eca4f-10a1-11f1-8441-eeee0a981670.OPERATION#flowable-async-job-executor-thread-14982#
[BuildCloudUndeployModelStep] Modules to undeploy: [ ]#
#2026 02 23 10:24:01.982#Z#DEBUG#c54eca4f-10a1-11f1-8441-eeee0a981670.OPERATION#flowable-async-job-executor-thread-14982#
[BuildCloudUndeployModelStep] Modules that won't be changed: [ ]#
#2026 02 23 10:24:01.984#Z#DEBUG#c54eca4f-10a1-11f1-8441-eeee0a981670.OPERATION#flowable-async-job-executor-thread-14982#
[BuildCloudUndeployModelStep] Subscriptions to delete: [ ]#
#2026 02 23 10:24:01.985#Z#DEBUG#c54eca4f-10a1-11f1-8441-eeee0a981670.OPERATION#flowable-async-job-executor-thread-14982#
[BuildCloudUndeployModelStep] Cloud services to delete: []#
#2026 02 23 10:24:01.985#Z#DEBUG#c54eca4f-10a1-11f1-8441-eeee0a981670.OPERATION#flowable-async-job-executor-thread-14982#
[BuildCloudUndeployModelStep] Cloud applications to undeploy: [ ]#
#2026 02 23 10:24:01.987#Z#DEBUG#c54eca4f-10a1-11f1-8441-eeee0a981670.OPERATION#flowable-async-job-executor-thread-14982#
[BuildCloudUndeployModelStep] Cloud undeployment model built#
#2026 02 23 10:24:01.987#Z#DEBUG#c54eca4f-10a1-11f1-8441-eeee0a981670.OPERATION#flowable-async-job-executor-thread-14982#
Step "Build Undeploy Model" finished#
#2026 02 23 10:24:02.024#Z#DEBUG#c54eca4f-10a1-11f1-8441-eeee0a981670.OPERATION#flowable-async-job-executor-thread-14973#
[AddDomainsStep] Executing task "addDomainsTask" of process "c54eca71-10a1-11f1-8441-eeee0a981670"...#
#2026 02 23 10:24:02.026#Z#DEBUG#c54eca4f-10a1-11f1-8441-eeee0a981670.OPERATION#flowable-async-job-executor-thread-14973#
[AddDomainsStep] Custom domains: []#
#2026 02 23 10:24:02.026#Z#DEBUG#c54eca4f-10a1-11f1-8441-eeee0a981670.OPERATION#flowable-async-job-executor-thread-14973#
Step "Add Domains" finished#
#2026 02 23 10:24:02.179#Z#DEBUG#c54eca4f-10a1-11f1-8441-eeee0a981670.OPERATION#flowable-async-job-executor-thread-14980#
[ExtractBatchedServicesWithResolvedDynamicParametersStep] Executing task "prepareModulesDeploymentTask" of process "c5e60163-10a1-11f1-8441-eeee0a981670"...#
#2026 02 23 10:24:02.179#Z#DEBUG#c54eca4f-10a1-11f1-8441-eeee0a981670.OPERATION#flowable-async-job-executor-thread-14980#
[ExtractBatchedServicesWithResolvedDynamicParametersStep] Extracting services and resolving dynamic parameters from batch#
#2026 02 23 10:24:02.180#Z#DEBUG#c54eca4f-10a1-11f1-8441-eeee0a981670.OPERATION#flowable-async-job-executor-thread-14980#
[ExtractBatchedServicesWithResolvedDynamicParametersStep] Services to create: [ {
  "isOptional" : false,
  "isManaged" : true,
  "name" : "cash-destination-service",
  "v3Metadata" : {
    "annotations" : {
      "mta_id" : "cash",
      "mta_version" : "0.0.1",
      "mta_resource" : "{\"name\":\"cash-destination-service\"}"
    },
    "labels" : {
      "mta_id" : "93585797569d208d914078d513c8c55a"
    }
  },
  "label" : "destination",
  "plan" : "lite",
  "credentials" : "********",
  "tags" : [ ],
  "type" : "managed",
  "resourceName" : "cash-destination-service",
  "shouldSkipParametersUpdate" : false,
  "shouldSkipPlanUpdate" : false,
  "shouldSkipTagsUpdate" : false,
  "shouldSkipSyslogUrlUpdate" : false
}, {
  "isOptional" : false,
  "isManaged" : true,
  "name" : "cash-html5-app-host-service",
  "v3Metadata" : {
    "annotations" : {
      "mta_id" : "cash",
      "mta_version" : "0.0.1",
      "mta_resource" : "{\"name\":\"cash_html_repo_host\"}"
    },
    "labels" : {
      "mta_id" : "93585797569d208d914078d513c8c55a"
    }
  },
  "label" : "html5-apps-repo",
  "plan" : "app-host",
  "credentials" : "********",
  "tags" : [ ],
  "type" : "managed",
  "resourceName" : "cash_html_repo_host",
  "shouldSkipParametersUpdate" : false,
  "shouldSkipPlanUpdate" : false,
  "shouldSkipTagsUpdate" : false,
  "shouldSkipSyslogUrlUpdate" : false
}, {
  "isOptional" : false,
  "isManaged" : true,
  "name" : "cash-xsuaa-service",
  "v3Metadata" : {
    "annotations" : {
      "mta_id" : "cash",
      "mta_version" : "0.0.1",
      "mta_resource" : "{\"name\":\"uaa_cash\"}"
    },
    "labels" : {
      "mta_id" : "93585797569d208d914078d513c8c55a"
    }
  },
  "label" : "xsuaa",
  "plan" : "application",
  "credentials" : "********",
  "tags" : [ ],
  "type" : "managed",
  "resourceName" : "uaa_cash",
  "shouldSkipParametersUpdate" : false,
  "shouldSkipPlanUpdate" : false,
  "shouldSkipTagsUpdate" : false,
  "shouldSkipSyslogUrlUpdate" : false
} ]#
#2026 02 23 10:24:02.181#Z#DEBUG#c54eca4f-10a1-11f1-8441-eeee0a981670.OPERATION#flowable-async-job-executor-thread-14980#
Step "Extract Services with Resolved Dynamic parameters from batch" finished#
#2026 02 23 10:24:02.260#Z#DEBUG#c54eca4f-10a1-11f1-8441-eeee0a981670.OPERATION#flowable-async-job-executor-thread-14980#
[CheckServiceOperationStateStep] Executing task "CheckServiceOperationStateTask" of process "c5f67b60-10a1-11f1-8441-eeee0a981670"...#
#2026 02 23 10:24:02.260#Z#DEBUG#c54eca4f-10a1-11f1-8441-eeee0a981670.OPERATION#flowable-async-job-executor-thread-14980#
[CheckServiceOperationStateStep] Getting service instance "cash-html5-app-host-service"...#
#2026 02 23 10:24:02.379#Z#DEBUG#c54eca4f-10a1-11f1-8441-eeee0a981670.OPERATION#flowable-async-job-executor-thread-14980#
Step "Check for service operations in Progress" finished#
#2026 02 23 10:24:02.408#Z#DEBUG#c54eca4f-10a1-11f1-8441-eeee0a981670.OPERATION#flowable-async-job-executor-thread-14982#
[DetermineServiceCreateUpdateServiceActionsStep] Executing task "DetermineServiceCreateUpdateActionsTask" of process "c5f67b60-10a1-11f1-8441-eeee0a981670"...#
#2026 02 23 10:24:02.409#Z#INFO#c54eca4f-10a1-11f1-8441-eeee0a981670.OPERATION#flowable-async-job-executor-thread-14982#
[DetermineServiceCreateUpdateServiceActionsStep] Processing service "cash-html5-app-host-service"...#
#2026 02 23 10:24:02.413#Z#DEBUG#c54eca4f-10a1-11f1-8441-eeee0a981670.OPERATION#flowable-async-job-executor-thread-14982#
[DetermineServiceCreateUpdateServiceActionsStep] Getting service instance "cash-html5-app-host-service"...#
#2026 02 23 10:24:02.530#Z#DEBUG#c54eca4f-10a1-11f1-8441-eeee0a981670.OPERATION#flowable-async-job-executor-thread-14982#
[DetermineServiceCreateUpdateServiceActionsStep] Existing service: {
  "name" : "cash-html5-app-host-service",
  "metadata" : {
    "guid" : "a90833dd-8daf-4847-9b4a-512ee34b800f",
    "createdAt" : [ 2026, 2, 4, 8, 41, 35 ],
    "updatedAt" : [ 2026, 2, 4, 8, 41, 36 ]
  },
  "v3Metadata" : {
    "annotations" : {
      "mta_id" : "cash",
      "mta_version" : "0.0.1",
      "mta_resource" : "{\"name\":\"cash_html_repo_host\"}"
    },
    "labels" : {
      "mta_id" : "93585797569d208d914078d513c8c55a"
    }
  },
  "label" : "html5-apps-repo",
  "plan" : "app-host",
  "credentials" : "********",
  "tags" : [ ],
  "type" : "managed",
  "lastOperation" : {
    "type" : "CREATE",
    "description" : "",
    "state" : "SUCCEEDED"
  }
}#
#2026 02 23 10:24:02.530#Z#WARN#c54eca4f-10a1-11f1-8441-eeee0a981670.OPERATION#flowable-async-job-executor-thread-14982#
[DetermineServiceCreateUpdateServiceActionsStep] Service parameters for service "cash-html5-app-host-service" will not be updated, as the parameters are not defined or empty.#
#2026 02 23 10:24:02.530#Z#DEBUG#c54eca4f-10a1-11f1-8441-eeee0a981670.OPERATION#flowable-async-job-executor-thread-14982#
Step "Determine update actions" finished#
#2026 02 23 10:24:02.574#Z#DEBUG#c54eca4f-10a1-11f1-8441-eeee0a981670.OPERATION#flowable-async-job-executor-thread-14982#
[CheckForServiceBindingOrKeyOperationStep] Executing task "CheckForServiceBindingOrKeyCreation" of process "c5f67b60-10a1-11f1-8441-eeee0a981670"...#
#2026 02 23 10:24:02.576#Z#DEBUG#c54eca4f-10a1-11f1-8441-eeee0a981670.OPERATION#flowable-async-job-executor-thread-14982#
Step "Check for service binding or key creation" finished#
#2026 02 23 10:24:03.723#Z#DEBUG#c54eca4f-10a1-11f1-8441-eeee0a981670.OPERATION#flowable-async-job-executor-thread-30490#
[CheckServiceOperationStateStep] Executing task "CheckServiceOperationStateTask" of process "c6d542b0-10a1-11f1-b6ab-eeee0a8247e3"...#
#2026 02 23 10:24:03.784#Z#DEBUG#c54eca4f-10a1-11f1-8441-eeee0a981670.OPERATION#flowable-async-job-executor-thread-30490#
[CheckServiceOperationStateStep] Getting service instance "cash-xsuaa-service"...#
#2026 02 23 10:24:03.907#Z#DEBUG#c54eca4f-10a1-11f1-8441-eeee0a981670.OPERATION#flowable-async-job-executor-thread-30490#
Step "Check for service operations in Progress" finished#
#2026 02 23 10:24:04.067#Z#DEBUG#c54eca4f-10a1-11f1-8441-eeee0a981670.OPERATION#flowable-async-job-executor-thread-30487#
[DetermineServiceCreateUpdateServiceActionsStep] Executing task "DetermineServiceCreateUpdateActionsTask" of process "c6d542b0-10a1-11f1-b6ab-eeee0a8247e3"...#
#2026 02 23 10:24:04.068#Z#INFO#c54eca4f-10a1-11f1-8441-eeee0a981670.OPERATION#flowable-async-job-executor-thread-30487#
[DetermineServiceCreateUpdateServiceActionsStep] Processing service "cash-xsuaa-service"...#
#2026 02 23 10:24:04.072#Z#DEBUG#c54eca4f-10a1-11f1-8441-eeee0a981670.OPERATION#flowable-async-job-executor-thread-30487#
[DetermineServiceCreateUpdateServiceActionsStep] Getting service instance "cash-xsuaa-service"...#
#2026 02 23 10:24:04.195#Z#INFO#c54eca4f-10a1-11f1-8441-eeee0a981670.OPERATION#flowable-async-job-executor-thread-30487#
[DetermineServiceCreateUpdateServiceActionsStep] Setting service "cash-xsuaa-service" parameters from "xs-security.json"#
#2026 02 23 10:24:04.228#Z#DEBUG#c54eca4f-10a1-11f1-8441-eeee0a981670.OPERATION#flowable-async-job-executor-thread-30487#
[DetermineServiceCreateUpdateServiceActionsStep] Existing service: {
  "name" : "cash-xsuaa-service",
  "metadata" : {
    "guid" : "1187d5ac-1a9f-4f85-8b9c-46e15a7b2773",
    "createdAt" : [ 2026, 2, 4, 8, 41, 36 ],
    "updatedAt" : [ 2026, 2, 4, 8, 41, 37 ]
  },
  "v3Metadata" : {
    "annotations" : {
      "mta_id" : "cash",
      "mta_version" : "0.0.1",
      "mta_resource" : "{\"name\":\"uaa_cash\"}"
    },
    "labels" : {
      "mta_id" : "93585797569d208d914078d513c8c55a"
    }
  },
  "label" : "xsuaa",
  "plan" : "application",
  "credentials" : "********",
  "tags" : [ ],
  "type" : "managed",
  "lastOperation" : {
    "type" : "UPDATE",
    "description" : "",
    "state" : "SUCCEEDED"
  }
}#
#2026 02 23 10:24:04.228#Z#DEBUG#c54eca4f-10a1-11f1-8441-eeee0a981670.OPERATION#flowable-async-job-executor-thread-30487#
[DetermineServiceCreateUpdateServiceActionsStep] Service parameters will be updated#
#2026 02 23 10:24:04.228#Z#DEBUG#c54eca4f-10a1-11f1-8441-eeee0a981670.OPERATION#flowable-async-job-executor-thread-30487#
[DetermineServiceCreateUpdateServiceActionsStep] New parameters: {
  "description" : "Security profile of called application",
  "role-templates" : [ {
    "name" : "********",
    "description" : "UAA",
    "scope-references" : [ "********" ]
  } ],
  "scopes" : [ {
    "name" : "********",
    "description" : "UAA"
  } ],
  "tenant-mode" : "dedicated",
  "xsappname" : "cash"
}#
#2026 02 23 10:24:04.228#Z#DEBUG#c54eca4f-10a1-11f1-8441-eeee0a981670.OPERATION#flowable-async-job-executor-thread-30487#
Step "Determine update actions" finished#
#2026 02 23 10:24:04.425#Z#DEBUG#c54eca4f-10a1-11f1-8441-eeee0a981670.OPERATION#flowable-async-job-executor-thread-30490#
[CheckForServiceBindingOrKeyOperationStep] Executing task "CheckForServiceBindingOrKeyCreation" of process "c6d542b0-10a1-11f1-b6ab-eeee0a8247e3"...#
#2026 02 23 10:24:04.427#Z#DEBUG#c54eca4f-10a1-11f1-8441-eeee0a981670.OPERATION#flowable-async-job-executor-thread-30490#
Step "Check for service binding or key creation" finished#
#2026 02 23 10:24:04.546#Z#DEBUG#c54eca4f-10a1-11f1-8441-eeee0a981670.OPERATION#flowable-async-job-executor-thread-30489#
[UpdateServiceParametersStep] Executing task "UpdateServiceParametersTask" of process "c6d542b0-10a1-11f1-b6ab-eeee0a8247e3"...#
#2026 02 23 10:24:04.547#Z#INFO#c54eca4f-10a1-11f1-8441-eeee0a981670.OPERATION#flowable-async-job-executor-thread-30489#
[UpdateServiceParametersStep] Updating service "cash-xsuaa-service"...#
#2026 02 23 10:24:04.551#Z#DEBUG#c54eca4f-10a1-11f1-8441-eeee0a981670.OPERATION#flowable-async-job-executor-thread-30489#
[UpdateServiceParametersStep] Updating service parameters for service "cash-xsuaa-service"...#
#2026 02 23 10:24:04.657#Z#DEBUG#c54eca4f-10a1-11f1-8441-eeee0a981670.OPERATION#flowable-async-job-executor-thread-30489#
[UpdateServiceParametersStep] Service "cash-xsuaa-service" updated#
#2026 02 23 10:24:04.657#Z#DEBUG#c54eca4f-10a1-11f1-8441-eeee0a981670.OPERATION#flowable-async-job-executor-thread-30489#
[UpdateServiceParametersStep] Triggered service operations: {
  "cash-xsuaa-service" : "UPDATE"
}#
#2026 02 23 10:24:04.658#Z#DEBUG#c54eca4f-10a1-11f1-8441-eeee0a981670.OPERATION#flowable-async-job-executor-thread-30489#
Step "Update parameters" finished#
#2026 02 23 10:24:04.796#Z#DEBUG#c54eca4f-10a1-11f1-8441-eeee0a981670.OPERATION#flowable-async-job-executor-thread-14981#
[CheckServiceOperationStateStep] Executing task "CheckServiceOperationStateTask" of process "c778fd0e-10a1-11f1-8441-eeee0a981670"...#
#2026 02 23 10:24:04.796#Z#DEBUG#c54eca4f-10a1-11f1-8441-eeee0a981670.OPERATION#flowable-async-job-executor-thread-14981#
[CheckServiceOperationStateStep] Getting service instance "cash-destination-service"...#
#2026 02 23 10:24:04.900#Z#DEBUG#c54eca4f-10a1-11f1-8441-eeee0a981670.OPERATION#flowable-async-job-executor-thread-14981#
Step "Check for service operations in Progress" finished#
#2026 02 23 10:24:04.927#Z#DEBUG#c54eca4f-10a1-11f1-8441-eeee0a981670.OPERATION#flowable-async-job-executor-thread-14981#
[DetermineServiceCreateUpdateServiceActionsStep] Executing task "DetermineServiceCreateUpdateActionsTask" of process "c778fd0e-10a1-11f1-8441-eeee0a981670"...#
#2026 02 23 10:24:04.928#Z#INFO#c54eca4f-10a1-11f1-8441-eeee0a981670.OPERATION#flowable-async-job-executor-thread-14981#
[DetermineServiceCreateUpdateServiceActionsStep] Processing service "cash-destination-service"...#
#2026 02 23 10:24:04.932#Z#DEBUG#c54eca4f-10a1-11f1-8441-eeee0a981670.OPERATION#flowable-async-job-executor-thread-14981#
[DetermineServiceCreateUpdateServiceActionsStep] Getting service instance "cash-destination-service"...#
#2026 02 23 10:24:05.055#Z#DEBUG#c54eca4f-10a1-11f1-8441-eeee0a981670.OPERATION#flowable-async-job-executor-thread-14981#
[DetermineServiceCreateUpdateServiceActionsStep] Existing service: {
  "name" : "cash-destination-service",
  "metadata" : {
    "guid" : "9ba9bf6e-3775-4239-b9ca-4cca974255ab",
    "createdAt" : [ 2026, 2, 4, 8, 41, 36 ],
    "updatedAt" : [ 2026, 2, 4, 8, 41, 38 ]
  },
  "v3Metadata" : {
    "annotations" : {
      "mta_id" : "cash",
      "mta_version" : "0.0.1",
      "mta_resource" : "{\"name\":\"cash-destination-service\"}"
    },
    "labels" : {
      "mta_id" : "93585797569d208d914078d513c8c55a"
    }
  },
  "label" : "destination",
  "plan" : "lite",
  "credentials" : "********",
  "tags" : [ ],
  "type" : "managed",
  "lastOperation" : {
    "type" : "UPDATE",
    "description" : "",
    "state" : "SUCCEEDED"
  }
}#
#2026 02 23 10:24:05.055#Z#DEBUG#c54eca4f-10a1-11f1-8441-eeee0a981670.OPERATION#flowable-async-job-executor-thread-14981#
[DetermineServiceCreateUpdateServiceActionsStep] Service parameters will be updated#
#2026 02 23 10:24:05.055#Z#DEBUG#c54eca4f-10a1-11f1-8441-eeee0a981670.OPERATION#flowable-async-job-executor-thread-14981#
[DetermineServiceCreateUpdateServiceActionsStep] New parameters: {
  "HTML5Runtime_enabled" : true,
  "init_data" : {
    "subaccount" : {
      "destinations" : [ {
        "Authentication" : "********",
        "Name" : "ui5",
        "ProxyType" : "Internet",
        "Type" : "HTTP",
        "URL" : "https://ui5.sap.com"
      } ],
      "existing_destinations_policy" : "update"
    }
  },
  "version" : "1.0.0"
}#
#2026 02 23 10:24:05.055#Z#DEBUG#c54eca4f-10a1-11f1-8441-eeee0a981670.OPERATION#flowable-async-job-executor-thread-14981#
Step "Determine update actions" finished#
#2026 02 23 10:24:05.093#Z#DEBUG#c54eca4f-10a1-11f1-8441-eeee0a981670.OPERATION#flowable-async-job-executor-thread-14981#
[CheckForServiceBindingOrKeyOperationStep] Executing task "CheckForServiceBindingOrKeyCreation" of process "c778fd0e-10a1-11f1-8441-eeee0a981670"...#
#2026 02 23 10:24:05.095#Z#DEBUG#c54eca4f-10a1-11f1-8441-eeee0a981670.OPERATION#flowable-async-job-executor-thread-14981#
Step "Check for service binding or key creation" finished#
#2026 02 23 10:24:05.131#Z#DEBUG#c54eca4f-10a1-11f1-8441-eeee0a981670.OPERATION#flowable-async-job-executor-thread-14981#
[UpdateServiceParametersStep] Executing task "UpdateServiceParametersTask" of process "c778fd0e-10a1-11f1-8441-eeee0a981670"...#
#2026 02 23 10:24:05.133#Z#INFO#c54eca4f-10a1-11f1-8441-eeee0a981670.OPERATION#flowable-async-job-executor-thread-14981#
[UpdateServiceParametersStep] Updating service "cash-destination-service"...#
#2026 02 23 10:24:05.138#Z#DEBUG#c54eca4f-10a1-11f1-8441-eeee0a981670.OPERATION#flowable-async-job-executor-thread-14981#
[UpdateServiceParametersStep] Updating service parameters for service "cash-destination-service"...#
#2026 02 23 10:24:05.235#Z#DEBUG#c54eca4f-10a1-11f1-8441-eeee0a981670.OPERATION#flowable-async-job-executor-thread-14981#
[UpdateServiceParametersStep] Service "cash-destination-service" updated#
#2026 02 23 10:24:05.235#Z#DEBUG#c54eca4f-10a1-11f1-8441-eeee0a981670.OPERATION#flowable-async-job-executor-thread-14981#
[UpdateServiceParametersStep] Triggered service operations: {
  "cash-destination-service" : "UPDATE"
}#
#2026 02 23 10:24:05.236#Z#DEBUG#c54eca4f-10a1-11f1-8441-eeee0a981670.OPERATION#flowable-async-job-executor-thread-14981#
Step "Update parameters" finished#
#2026 02 23 10:24:13.968#Z#DEBUG#c54eca4f-10a1-11f1-8441-eeee0a981670.OPERATION#flowable-async-job-executor-thread-30497#
[UpdateServiceParametersStep] Executing task "UpdateServiceParametersTask" of process "c6d542b0-10a1-11f1-b6ab-eeee0a8247e3"...#
#2026 02 23 10:24:13.969#Z#DEBUG#c54eca4f-10a1-11f1-8441-eeee0a981670.OPERATION#flowable-async-job-executor-thread-30497#
[UpdateServiceParametersStep] Polling service operations...#
#2026 02 23 10:24:13.970#Z#DEBUG#c54eca4f-10a1-11f1-8441-eeee0a981670.OPERATION#flowable-async-job-executor-thread-30497#
[UpdateServiceParametersStep] Getting service instance "cash-xsuaa-service"...#
#2026 02 23 10:24:14.089#Z#DEBUG#c54eca4f-10a1-11f1-8441-eeee0a981670.OPERATION#flowable-async-job-executor-thread-30497#
[UpdateServiceParametersStep] Last operation for service "cash-xsuaa-service": {
  "type" : "UPDATE",
  "description" : "",
  "state" : "SUCCEEDED"
}#
#2026 02 23 10:24:14.089#Z#DEBUG#c54eca4f-10a1-11f1-8441-eeee0a981670.OPERATION#flowable-async-job-executor-thread-30497#
[UpdateServiceParametersStep] Service "cash-xsuaa-service" updated#
#2026 02 23 10:24:14.089#Z#INFO#c54eca4f-10a1-11f1-8441-eeee0a981670.OPERATION#flowable-async-job-executor-thread-30497#
[UpdateServiceParametersStep] 1 of 1 done#
#2026 02 23 10:24:14.093#Z#DEBUG#c54eca4f-10a1-11f1-8441-eeee0a981670.OPERATION#flowable-async-job-executor-thread-30497#
[UpdateServiceParametersStep] Remaining services to poll: [ ]#
#2026 02 23 10:24:14.094#Z#DEBUG#c54eca4f-10a1-11f1-8441-eeee0a981670.OPERATION#flowable-async-job-executor-thread-30497#
Step "Update parameters" finished#
#2026 02 23 10:24:14.386#Z#DEBUG#c54eca4f-10a1-11f1-8441-eeee0a981670.OPERATION#flowable-async-job-executor-thread-30497#
[UpdateServiceParametersStep] Executing task "UpdateServiceParametersTask" of process "c778fd0e-10a1-11f1-8441-eeee0a981670"...#
#2026 02 23 10:24:14.387#Z#DEBUG#c54eca4f-10a1-11f1-8441-eeee0a981670.OPERATION#flowable-async-job-executor-thread-30497#
[UpdateServiceParametersStep] Polling service operations...#
#2026 02 23 10:24:14.389#Z#DEBUG#c54eca4f-10a1-11f1-8441-eeee0a981670.OPERATION#flowable-async-job-executor-thread-30497#
[UpdateServiceParametersStep] Getting service instance "cash-destination-service"...#
#2026 02 23 10:24:14.508#Z#DEBUG#c54eca4f-10a1-11f1-8441-eeee0a981670.OPERATION#flowable-async-job-executor-thread-30497#
[UpdateServiceParametersStep] Last operation for service "cash-destination-service": {
  "type" : "UPDATE",
  "description" : "",
  "state" : "SUCCEEDED"
}#
#2026 02 23 10:24:14.508#Z#DEBUG#c54eca4f-10a1-11f1-8441-eeee0a981670.OPERATION#flowable-async-job-executor-thread-30497#
[UpdateServiceParametersStep] Service "cash-destination-service" updated#
#2026 02 23 10:24:14.508#Z#INFO#c54eca4f-10a1-11f1-8441-eeee0a981670.OPERATION#flowable-async-job-executor-thread-30497#
[UpdateServiceParametersStep] 1 of 1 done#
#2026 02 23 10:24:14.513#Z#DEBUG#c54eca4f-10a1-11f1-8441-eeee0a981670.OPERATION#flowable-async-job-executor-thread-30497#
[UpdateServiceParametersStep] Remaining services to poll: [ ]#
#2026 02 23 10:24:14.513#Z#DEBUG#c54eca4f-10a1-11f1-8441-eeee0a981670.OPERATION#flowable-async-job-executor-thread-30497#
Step "Update parameters" finished#
#2026 02 23 10:24:14.759#Z#DEBUG#c54eca4f-10a1-11f1-8441-eeee0a981670.OPERATION#flowable-async-job-executor-thread-30497#
[PrepareModulesDeploymentStep] Executing task "prepareModulesDeploymentTask" of process "cd651a25-10a1-11f1-b6ab-eeee0a8247e3"...#
#2026 02 23 10:24:14.759#Z#DEBUG#c54eca4f-10a1-11f1-8441-eeee0a981670.OPERATION#flowable-async-job-executor-thread-30497#
[PrepareModulesDeploymentStep] Preparing modules deployment...#
#2026 02 23 10:24:14.762#Z#DEBUG#c54eca4f-10a1-11f1-8441-eeee0a981670.OPERATION#flowable-async-job-executor-thread-30497#
Step "Prepare Modules Deployment" finished#
#2026 02 23 10:24:14.873#Z#DEBUG#c54eca4f-10a1-11f1-8441-eeee0a981670.OPERATION#flowable-async-job-executor-thread-30497#
[BuildContentDeploymentConfigurationStep] Executing task "buildContentDeploymentConfigurationTask" of process "cd77df1c-10a1-11f1-b6ab-eeee0a8247e3"...#
#2026 02 23 10:24:14.876#Z#DEBUG#c54eca4f-10a1-11f1-8441-eeee0a981670.OPERATION#ForkJoinPool-496-worker-1#
[BuildContentDeploymentConfigurationStep] Getting service key "cash-destination-content-cash-destination-service-credentials" for service instance "cash-destination-service"...#
#2026 02 23 10:24:14.877#Z#DEBUG#c54eca4f-10a1-11f1-8441-eeee0a981670.OPERATION#ForkJoinPool-496-worker-2#
[BuildContentDeploymentConfigurationStep] Getting service key "uaa_cash-key" for service instance "cash-xsuaa-service"...#
#2026 02 23 10:24:14.877#Z#DEBUG#c54eca4f-10a1-11f1-8441-eeee0a981670.OPERATION#ForkJoinPool-496-worker-3#
[BuildContentDeploymentConfigurationStep] Getting service key "cash_html_repo_host-key" for service instance "cash-html5-app-host-service"...#
#2026 02 23 10:24:15.071#Z#INFO#c54eca4f-10a1-11f1-8441-eeee0a981670.OPERATION#ForkJoinPool-496-worker-3#
[BuildContentDeploymentConfigurationStep] Service key "cash_html_repo_host-key" for service "cash-html5-app-host-service" already exists#
#2026 02 23 10:24:15.075#Z#INFO#c54eca4f-10a1-11f1-8441-eeee0a981670.OPERATION#ForkJoinPool-496-worker-2#
[BuildContentDeploymentConfigurationStep] Service key "uaa_cash-key" for service "cash-xsuaa-service" already exists#
#2026 02 23 10:24:15.092#Z#INFO#c54eca4f-10a1-11f1-8441-eeee0a981670.OPERATION#ForkJoinPool-496-worker-1#
[BuildContentDeploymentConfigurationStep] Service key "cash-destination-content-cash-destination-service-credentials" for service "cash-destination-service" already exists#
#2026 02 23 10:24:15.098#Z#DEBUG#c54eca4f-10a1-11f1-8441-eeee0a981670.OPERATION#flowable-async-job-executor-thread-30497#
Step "Build Content Deployment Configuration" finished#
#2026 02 23 10:24:15.101#Z#DEBUG#c54eca4f-10a1-11f1-8441-eeee0a981670.OPERATION#flowable-async-job-executor-thread-30497#
[CreateContentDeployClientConfigurationStep] Executing task "createContentDeployClientConfigurationTask" of process "cda33435-10a1-11f1-b6ab-eeee0a8247e3"...#
#2026 02 23 10:24:15.101#Z#DEBUG#c54eca4f-10a1-11f1-8441-eeee0a981670.OPERATION#flowable-async-job-executor-thread-30497#
[CreateContentDeployClientConfigurationStep] Content deployer client configuration: {
  "contentDeployerUrl" : "https://destination-configuration.cfapps.us10.hana.ondemand.com/destination-configuration/gacd",
  "uaaClientConfiguration" : {
    "url" : "********",
    "credentials" : "********",
    "authenticationStrategyType" : "********"
  },
  "httpRequestHeaders" : {
    "X-CorrelationID" : "c54eca4f-10a1-11f1-8441-eeee0a981670"
  },
  "spaceId" : "d4cc54dd-a0eb-40b4-887a-bc71ebccd114",
  "serviceName" : "cash-destination-service"
}#
#2026 02 23 10:24:15.256#Z#DEBUG#c54eca4f-10a1-11f1-8441-eeee0a981670.OPERATION#flowable-async-job-executor-thread-30497#
Step "Create Content Deploy Client Configuration" finished#
#2026 02 23 10:24:15.257#Z#DEBUG#c54eca4f-10a1-11f1-8441-eeee0a981670.OPERATION#flowable-async-job-executor-thread-30497#
[GetContentFromDeploymentDescriptorStep] Executing task "getContentFromDeploymentDescriptorTask" of process "cda33435-10a1-11f1-b6ab-eeee0a8247e3"...#
#2026 02 23 10:24:15.257#Z#DEBUG#c54eca4f-10a1-11f1-8441-eeee0a981670.OPERATION#flowable-async-job-executor-thread-30497#
[GetContentFromDeploymentDescriptorStep] Content for module: "cash-destination-content" is: "{
  "id" : "0b63e441-2d59-471e-aedf-ced2033eb078",
  "contentType" : "EMBEDDED",
  "content" : {
    "subaccount" : {
      "destinations" : [ {
        "Name" : "cash_cash_html_repo_host",
        "ServiceInstanceName" : "cash-html5-app-host-service",
        "ServiceKeyName" : "********",
        "sap.cloud.service" : "cash"
      }, {
        "Authentication" : "********",
        "Name" : "cash_uaa_cash",
        "ServiceInstanceName" : "cash-xsuaa-service",
        "ServiceKeyName" : "********",
        "sap.cloud.service" : "cash"
      } ],
      "existing_destinations_policy" : "ignore"
    }
  }
}"#
#2026 02 23 10:24:15.257#Z#DEBUG#c54eca4f-10a1-11f1-8441-eeee0a981670.OPERATION#flowable-async-job-executor-thread-30497#
Step "Get Content From Deployment Descriptor" finished#
#2026 02 23 10:24:15.258#Z#DEBUG#c54eca4f-10a1-11f1-8441-eeee0a981670.OPERATION#flowable-async-job-executor-thread-30497#
[SynchronousContentDeployStep] Executing task "synchronousContentDeployTask" of process "cda33435-10a1-11f1-b6ab-eeee0a8247e3"...#
#2026 02 23 10:24:15.258#Z#INFO#c54eca4f-10a1-11f1-8441-eeee0a981670.OPERATION#flowable-async-job-executor-thread-30497#
[SynchronousContentDeployStep] Deploying content module "cash-destination-content" in target service "cash-destination-service"...#
#2026 02 23 10:24:15.393#Z#DEBUG#c54eca4f-10a1-11f1-8441-eeee0a981670.OPERATION#flowable-async-job-executor-thread-30497#
[SynchronousContentDeployStep] Processing inline content upload for module: cash-destination-content#
#2026 02 23 10:24:15.515#Z#DEBUG#c54eca4f-10a1-11f1-8441-eeee0a981670.OPERATION#flowable-async-job-executor-thread-30497#
Step "Synchronous Deploy" finished#
#2026 02 23 10:24:15.675#Z#DEBUG#c54eca4f-10a1-11f1-8441-eeee0a981670.OPERATION#flowable-async-job-executor-thread-30497#
[BuildContentDeploymentConfigurationStep] Executing task "buildContentDeploymentConfigurationTask" of process "cdf2183e-10a1-11f1-b6ab-eeee0a8247e3"...#
#2026 02 23 10:24:15.677#Z#DEBUG#c54eca4f-10a1-11f1-8441-eeee0a981670.OPERATION#flowable-async-job-executor-thread-30497#
[BuildContentDeploymentConfigurationStep] Getting service key "cash-app-content-cash_html_repo_host-credentials" for service instance "cash-html5-app-host-service"...#
#2026 02 23 10:24:16.200#Z#INFO#c54eca4f-10a1-11f1-8441-eeee0a981670.OPERATION#flowable-async-job-executor-thread-30497#
[BuildContentDeploymentConfigurationStep] Service key "cash-app-content-cash_html_repo_host-credentials" for service "cash-html5-app-host-service" already exists#
#2026 02 23 10:24:16.205#Z#DEBUG#c54eca4f-10a1-11f1-8441-eeee0a981670.OPERATION#flowable-async-job-executor-thread-30497#
Step "Build Content Deployment Configuration" finished#
#2026 02 23 10:24:16.207#Z#DEBUG#c54eca4f-10a1-11f1-8441-eeee0a981670.OPERATION#flowable-async-job-executor-thread-30497#
[CreateContentDeployClientConfigurationStep] Executing task "createContentDeployClientConfigurationTask" of process "ce4bf7d4-10a1-11f1-b6ab-eeee0a8247e3"...#
#2026 02 23 10:24:16.207#Z#DEBUG#c54eca4f-10a1-11f1-8441-eeee0a981670.OPERATION#flowable-async-job-executor-thread-30497#
[CreateContentDeployClientConfigurationStep] Content deployer client configuration: {
  "contentDeployerUrl" : "https://html5-apps-repo-dt.cfapps.us10.hana.ondemand.com",
  "uaaClientConfiguration" : {
    "url" : "********",
    "credentials" : "********",
    "authenticationStrategyType" : "********"
  },
  "httpRequestHeaders" : {
    "X-CorrelationID" : "c54eca4f-10a1-11f1-8441-eeee0a981670"
  },
  "spaceId" : "d4cc54dd-a0eb-40b4-887a-bc71ebccd114",
  "serviceName" : "cash_html_repo_host"
}#
#2026 02 23 10:24:16.356#Z#DEBUG#c54eca4f-10a1-11f1-8441-eeee0a981670.OPERATION#flowable-async-job-executor-thread-30497#
Step "Create Content Deploy Client Configuration" finished#
#2026 02 23 10:24:16.357#Z#DEBUG#c54eca4f-10a1-11f1-8441-eeee0a981670.OPERATION#flowable-async-job-executor-thread-30497#
[GetContentFromDeploymentDescriptorStep] Executing task "getContentFromDeploymentDescriptorTask" of process "ce4bf7d4-10a1-11f1-b6ab-eeee0a8247e3"...#
#2026 02 23 10:24:16.358#Z#DEBUG#c54eca4f-10a1-11f1-8441-eeee0a981670.OPERATION#flowable-async-job-executor-thread-30497#
Step "Get Content From Deployment Descriptor" finished#
#2026 02 23 10:24:16.358#Z#DEBUG#c54eca4f-10a1-11f1-8441-eeee0a981670.OPERATION#flowable-async-job-executor-thread-30497#
[UploadContentStep] Executing task "uploadContentTask" of process "ce4bf7d4-10a1-11f1-b6ab-eeee0a8247e3"...#
#2026 02 23 10:24:16.358#Z#INFO#c54eca4f-10a1-11f1-8441-eeee0a981670.OPERATION#flowable-async-job-executor-thread-30497#
[UploadContentStep] Uploading content module "cash-app-content" in target service "cash_html_repo_host"...#
#2026 02 23 10:24:16.367#Z#DEBUG#c54eca4f-10a1-11f1-8441-eeee0a981670.OPERATION#flowable-async-job-executor-thread-30497#
[UploadContentStep] Uploading file "cash-app-content/resources/data.zip" for content module "cash-app-content" in service "cash_html_repo_host"#
#2026 02 23 10:24:16.567#Z#INFO#c54eca4f-10a1-11f1-8441-eeee0a981670.OPERATION#flowable-async-job-executor-thread-30497#
[UploadContentStep] Content to deploy size: 33,578 in bytes#
#2026 02 23 10:24:17.090#Z#DEBUG#c54eca4f-10a1-11f1-8441-eeee0a981670.OPERATION#flowable-async-job-executor-thread-30497#
[UploadContentStep] Uploaded content: {
  "id" : "6f02cb50-24c1-4700-9f1b-40f57ee0e105",
  "name" : "content.zip",
  "contentType" : "FILE"
}#
#2026 02 23 10:24:17.090#Z#DEBUG#c54eca4f-10a1-11f1-8441-eeee0a981670.OPERATION#flowable-async-job-executor-thread-30497#
Step "Upload Content" finished#
#2026 02 23 10:24:17.091#Z#DEBUG#c54eca4f-10a1-11f1-8441-eeee0a981670.OPERATION#flowable-async-job-executor-thread-30497#
[StartContentDeployStep] Executing task "startContentDeployTask" of process "ce4bf7d4-10a1-11f1-b6ab-eeee0a8247e3"...#
#2026 02 23 10:24:17.091#Z#INFO#c54eca4f-10a1-11f1-8441-eeee0a981670.OPERATION#flowable-async-job-executor-thread-30497#
[StartContentDeployStep] Deploying content module "cash-app-content" in target service "cash_html_repo_host"...#
#2026 02 23 10:24:17.326#Z#DEBUG#c54eca4f-10a1-11f1-8441-eeee0a981670.OPERATION#flowable-async-job-executor-thread-30497#
Step "Start Content Deploy" finished#
#2026 02 23 10:24:24.179#Z#DEBUG#c54eca4f-10a1-11f1-8441-eeee0a981670.OPERATION#flowable-async-job-executor-thread-14989#
[StartContentDeployStep] Executing task "startContentDeployTask" of process "ce4bf7d4-10a1-11f1-b6ab-eeee0a8247e3"...#
#2026 02 23 10:24:24.181#Z#DEBUG#c54eca4f-10a1-11f1-8441-eeee0a981670.OPERATION#flowable-async-job-executor-thread-14989#
[StartContentDeployStep] Checking status of module content deployment "cash-app-content" in service "cash_html_repo_host"...#
#2026 02 23 10:24:24.676#Z#DEBUG#c54eca4f-10a1-11f1-8441-eeee0a981670.OPERATION#flowable-async-job-executor-thread-14989#
[StartContentDeployStep] Deleting content deployment resource "6f02cb50-24c1-4700-9f1b-40f57ee0e105"...#
#2026 02 23 10:24:24.719#Z#DEBUG#c54eca4f-10a1-11f1-8441-eeee0a981670.OPERATION#flowable-async-job-executor-thread-14989#
Step "Start Content Deploy" finished#
#2026 02 23 10:24:24.902#Z#DEBUG#c54eca4f-10a1-11f1-8441-eeee0a981670.OPERATION#flowable-async-job-executor-thread-14989#
[CreateSubscriptionsStep] Executing task "createSubscriptionsTask" of process "d3670880-10a1-11f1-8441-eeee0a981670"...#
#2026 02 23 10:24:24.904#Z#DEBUG#c54eca4f-10a1-11f1-8441-eeee0a981670.OPERATION#flowable-async-job-executor-thread-14989#
[CreateSubscriptionsStep] Creating subscriptions...#
#2026 02 23 10:24:24.908#Z#DEBUG#c54eca4f-10a1-11f1-8441-eeee0a981670.OPERATION#flowable-async-job-executor-thread-14989#
[CreateSubscriptionsStep] Subscriptions created#
#2026 02 23 10:24:24.908#Z#DEBUG#c54eca4f-10a1-11f1-8441-eeee0a981670.OPERATION#flowable-async-job-executor-thread-14989#
Step "Create Subscriptions" finished#
#2026 02 23 10:24:24.973#Z#DEBUG#c54eca4f-10a1-11f1-8441-eeee0a981670.OPERATION#flowable-async-job-executor-thread-14989#
[DeleteSubscriptionsStep] Executing task "deleteSubscriptionsTask" of process "d3670880-10a1-11f1-8441-eeee0a981670"...#
#2026 02 23 10:24:24.974#Z#DEBUG#c54eca4f-10a1-11f1-8441-eeee0a981670.OPERATION#flowable-async-job-executor-thread-14989#
[DeleteSubscriptionsStep] Deleting discontinued subscriptions...#
#2026 02 23 10:24:24.976#Z#DEBUG#c54eca4f-10a1-11f1-8441-eeee0a981670.OPERATION#flowable-async-job-executor-thread-14989#
[DeleteSubscriptionsStep] Subscriptions to delete: [ ]#
#2026 02 23 10:24:24.976#Z#DEBUG#c54eca4f-10a1-11f1-8441-eeee0a981670.OPERATION#flowable-async-job-executor-thread-14989#
[DeleteSubscriptionsStep] Deleted discontinued subscriptions#
#2026 02 23 10:24:24.976#Z#DEBUG#c54eca4f-10a1-11f1-8441-eeee0a981670.OPERATION#flowable-async-job-executor-thread-14989#
Step "Delete Subscriptions" finished#
#2026 02 23 10:24:25.010#Z#DEBUG#c54eca4f-10a1-11f1-8441-eeee0a981670.OPERATION#flowable-async-job-executor-thread-14989#
[DeleteDiscontinuedConfigurationEntriesStep] Executing task "deleteDiscontinuedConfigurationEntriesTask" of process "d3670880-10a1-11f1-8441-eeee0a981670"...#
#2026 02 23 10:24:25.011#Z#DEBUG#c54eca4f-10a1-11f1-8441-eeee0a981670.OPERATION#flowable-async-job-executor-thread-14989#
[DeleteDiscontinuedConfigurationEntriesStep] Deleting discontinued published dependencies...#
#2026 02 23 10:24:25.105#Z#DEBUG#c54eca4f-10a1-11f1-8441-eeee0a981670.OPERATION#flowable-async-job-executor-thread-14989#
[DeleteDiscontinuedConfigurationEntriesStep] Deleted entries: [ ]#
#2026 02 23 10:24:25.105#Z#DEBUG#c54eca4f-10a1-11f1-8441-eeee0a981670.OPERATION#flowable-async-job-executor-thread-14989#
[DeleteDiscontinuedConfigurationEntriesStep] Discontinued published dependencies deleted#
#2026 02 23 10:24:25.105#Z#DEBUG#c54eca4f-10a1-11f1-8441-eeee0a981670.OPERATION#flowable-async-job-executor-thread-14989#
Step "Delete Discontinued Configuration Entries" finished#
#2026 02 23 10:24:25.112#Z#WARN#c54eca4f-10a1-11f1-8441-eeee0a981670.OPERATION#flowable-async-job-executor-thread-14989#
[DoNotDeleteServicesListener] Skipping deletion of services, because the command line option "--delete-services" is not specified.#
#2026 02 23 10:24:25.161#Z#DEBUG#c54eca4f-10a1-11f1-8441-eeee0a981670.OPERATION#flowable-async-job-executor-thread-14989#
[DetachServicesFromMtaStep] Executing task "detachServicesFromMtaTask" of process "d39ae9d7-10a1-11f1-8441-eeee0a981670"...#
#2026 02 23 10:24:25.162#Z#DEBUG#c54eca4f-10a1-11f1-8441-eeee0a981670.OPERATION#flowable-async-job-executor-thread-14989#
[DetachServicesFromMtaStep] Detaching services from MTA...#
#2026 02 23 10:24:25.167#Z#DEBUG#c54eca4f-10a1-11f1-8441-eeee0a981670.OPERATION#flowable-async-job-executor-thread-14989#
[DetachServicesFromMtaStep] Getting service instances without auxiliary content by names []...#
#2026 02 23 10:24:25.167#Z#DEBUG#c54eca4f-10a1-11f1-8441-eeee0a981670.OPERATION#flowable-async-job-executor-thread-14989#
[DetachServicesFromMtaStep] Detached services from MTA#
#2026 02 23 10:24:25.167#Z#DEBUG#c54eca4f-10a1-11f1-8441-eeee0a981670.OPERATION#flowable-async-job-executor-thread-14989#
Step "Detach Services from MTA" finished#
#2026 02 23 10:24:25.214#Z#DEBUG#c54eca4f-10a1-11f1-8441-eeee0a981670.OPERATION#flowable-async-job-executor-thread-14989#
[UpdateSubscribersStep] Executing task "updateSubscribersTask" of process "d39ae9d7-10a1-11f1-8441-eeee0a981670"...#
#2026 02 23 10:24:25.215#Z#DEBUG#c54eca4f-10a1-11f1-8441-eeee0a981670.OPERATION#flowable-async-job-executor-thread-14989#
[UpdateSubscribersStep] Updating subscribers...#
#2026 02 23 10:24:25.347#Z#DEBUG#c54eca4f-10a1-11f1-8441-eeee0a981670.OPERATION#flowable-async-job-executor-thread-14989#
[UpdateSubscribersStep] Subscribers updated#
#2026 02 23 10:24:25.347#Z#DEBUG#c54eca4f-10a1-11f1-8441-eeee0a981670.OPERATION#flowable-async-job-executor-thread-14989#
Step "Update Subscribers" finished#
#2026 02 23 10:24:25.395#Z#DEBUG#c54eca4f-10a1-11f1-8441-eeee0a981670.OPERATION#flowable-async-job-executor-thread-14989#
[RestartSubscribersStep] Executing task "restartSubscribersTask" of process "d39ae9d7-10a1-11f1-8441-eeee0a981670"...#
#2026 02 23 10:24:25.397#Z#DEBUG#c54eca4f-10a1-11f1-8441-eeee0a981670.OPERATION#flowable-async-job-executor-thread-14989#
Step "Restart Subscribers" finished#
#2026 02 23 10:24:25.441#Z#DEBUG#c54eca4f-10a1-11f1-8441-eeee0a981670.OPERATION#flowable-async-job-executor-thread-14989#
[PrepareToRestartServiceBrokerSubscribersStep] Executing task "prepareToRestartServiceBrokerSubscribersTask" of process "d39ae9d7-10a1-11f1-8441-eeee0a981670"...#
#2026 02 23 10:24:25.447#Z#DEBUG#c54eca4f-10a1-11f1-8441-eeee0a981670.OPERATION#flowable-async-job-executor-thread-14989#
Step "Prepare To Restart Service Brokers Subscribers" finished#
